<?xml version="1.0" encoding="ISO-8859-1"?>
<Beagle version="3.0.3">
  <Logger>
    <Log>Open BEAGLE, version 3.0.3</Log>
    <Log>Console logger initialized, using log level 0 (no message)</Log>
    <Log>File logger initialized, using log level 3 (general informations)</Log>
    <Log>Logging to file named "gp_force.log"</Log>
    <Log>Reading evolver from file named "../param/three-generational.conf"</Log>
    <Log>Reading parameter file named "../param/three-generational.conf"</Log>
    <Log>Starting an evolution</Log>
    <Log>Current date and time: 15:55:42 08 Apr 2010</Log>
    <Log>Evolving generation 0</Log>
    <Log>Applying bootstrap operators to the 1st deme</Log>
    <Log>
      <Stats id="deme1" generation="0" popsize="500">
        <Item key="processed">500</Item>
        <Item key="total-processed">500</Item>
        <Measure id="fitness">
          <Avg>0.218876</Avg>
          <Std>0.297966</Std>
          <Max>0.817451</Max>
          <Min>0</Min>
        </Measure>
        <Measure id="treedepth">
          <Avg>3.342</Avg>
          <Std>0.474855</Std>
          <Max>4</Max>
          <Min>3</Min>
        </Measure>
        <Measure id="treesize">
          <Avg>6.498</Avg>
          <Std>2.66387</Std>
          <Max>15</Max>
          <Min>3</Min>
        </Measure>
      </Stats>
    </Log>
    <Log>
      <Stats id="vivarium" generation="0" popsize="500">
        <Item key="processed">500</Item>
        <Item key="total-processed">500</Item>
        <Measure id="fitness">
          <Avg>0.218876</Avg>
          <Std>0.297966</Std>
          <Max>0.817451</Max>
          <Min>0</Min>
        </Measure>
        <Measure id="treedepth">
          <Avg>3.342</Avg>
          <Std>0.474855</Std>
          <Max>4</Max>
          <Min>3</Min>
        </Measure>
        <Measure id="treesize">
          <Avg>6.498</Avg>
          <Std>2.66387</Std>
          <Max>15</Max>
          <Min>3</Min>
        </Measure>
      </Stats>
    </Log>
    <Log>Writing milestone file "gp_force.obm.gz"</Log>
    <Log>Evolving generation 1</Log>
    <Log>Applying main-loop operators to the 1st deme</Log>
    <Log>Sum of probabilities of breeder operators children to replacement strategy named "GenerationalOp" is different from 1.0 (value: 2.1)</Log>
    <Log>
      <Stats id="deme1" generation="1" popsize="500">
        <Item key="processed">232</Item>
        <Item key="total-processed">732</Item>
        <Measure id="fitness">
          <Avg>0.600144</Avg>
          <Std>0.226382</Std>
          <Max>0.850024</Max>
          <Min>0</Min>
        </Measure>
        <Measure id="treedepth">
          <Avg>3.368</Avg>
          <Std>0.604406</Std>
          <Max>5</Max>
          <Min>1</Min>
        </Measure>
        <Measure id="treesize">
          <Avg>7.436</Avg>
          <Std>2.55479</Std>
          <Max>15</Max>
          <Min>1</Min>
        </Measure>
      </Stats>
    </Log>
    <Log>
      <Stats id="vivarium" generation="1" popsize="500">
        <Item key="processed">232</Item>
        <Item key="total-processed">732</Item>
        <Measure id="fitness">
          <Avg>0.600144</Avg>
          <Std>0.226382</Std>
          <Max>0.850024</Max>
          <Min>0</Min>
        </Measure>
        <Measure id="treedepth">
          <Avg>3.368</Avg>
          <Std>0.604406</Std>
          <Max>5</Max>
          <Min>1</Min>
        </Measure>
        <Measure id="treesize">
          <Avg>7.436</Avg>
          <Std>2.55479</Std>
          <Max>15</Max>
          <Min>1</Min>
        </Measure>
      </Stats>
    </Log>
    <Log>Evolving generation 2</Log>
    <Log>Applying main-loop operators to the 1st deme</Log>
    <Log>Sum of probabilities of breeder operators children to replacement strategy named "GenerationalOp" is different from 1.0 (value: 2.1)</Log>
    <Log>Warning: Migration between islands (processes) can't occur because there is only 1 island. This can occur if the code is not compiled with MPI or only a single process is run.</Log>
    <Log>
      <Stats id="deme1" generation="2" popsize="500">
        <Item key="processed">207</Item>
        <Item key="total-processed">939</Item>
        <Measure id="fitness">
          <Avg>0.702559</Avg>
          <Std>0.171751</Std>
          <Max>0.925196</Max>
          <Min>0</Min>
        </Measure>
        <Measure id="treedepth">
          <Avg>3.468</Avg>
          <Std>0.591334</Std>
          <Max>5</Max>
          <Min>2</Min>
        </Measure>
        <Measure id="treesize">
          <Avg>7.71</Avg>
          <Std>2.17148</Std>
          <Max>14</Max>
          <Min>2</Min>
        </Measure>
      </Stats>
    </Log>
    <Log>
      <Stats id="vivarium" generation="2" popsize="500">
        <Item key="processed">207</Item>
        <Item key="total-processed">939</Item>
        <Measure id="fitness">
          <Avg>0.702559</Avg>
          <Std>0.171751</Std>
          <Max>0.925196</Max>
          <Min>0</Min>
        </Measure>
        <Measure id="treedepth">
          <Avg>3.468</Avg>
          <Std>0.591334</Std>
          <Max>5</Max>
          <Min>2</Min>
        </Measure>
        <Measure id="treesize">
          <Avg>7.71</Avg>
          <Std>2.17148</Std>
          <Max>14</Max>
          <Min>2</Min>
        </Measure>
      </Stats>
    </Log>
    <Log>Evolving generation 3</Log>
    <Log>Applying main-loop operators to the 1st deme</Log>
    <Log>Sum of probabilities of breeder operators children to replacement strategy named "GenerationalOp" is different from 1.0 (value: 2.1)</Log>
    <Log>
      <Stats id="deme1" generation="3" popsize="500">
        <Item key="processed">195</Item>
        <Item key="total-processed">1134</Item>
        <Measure id="fitness">
          <Avg>0.755544</Avg>
          <Std>0.165036</Std>
          <Max>0.925196</Max>
          <Min>0</Min>
        </Measure>
        <Measure id="treedepth">
          <Avg>3.638</Avg>
          <Std>0.565328</Std>
          <Max>5</Max>
          <Min>1</Min>
        </Measure>
        <Measure id="treesize">
          <Avg>8.548</Avg>
          <Std>2.15708</Std>
          <Max>17</Max>
          <Min>1</Min>
        </Measure>
      </Stats>
    </Log>
    <Log>
      <Stats id="vivarium" generation="3" popsize="500">
        <Item key="processed">195</Item>
        <Item key="total-processed">1134</Item>
        <Measure id="fitness">
          <Avg>0.755544</Avg>
          <Std>0.165036</Std>
          <Max>0.925196</Max>
          <Min>0</Min>
        </Measure>
        <Measure id="treedepth">
          <Avg>3.638</Avg>
          <Std>0.565328</Std>
          <Max>5</Max>
          <Min>1</Min>
        </Measure>
        <Measure id="treesize">
          <Avg>8.548</Avg>
          <Std>2.15708</Std>
          <Max>17</Max>
          <Min>1</Min>
        </Measure>
      </Stats>
    </Log>
    <Log>Evolving generation 4</Log>
    <Log>Applying main-loop operators to the 1st deme</Log>
    <Log>Sum of probabilities of breeder operators children to replacement strategy named "GenerationalOp" is different from 1.0 (value: 2.1)</Log>
    <Log>Warning: Migration between islands (processes) can't occur because there is only 1 island. This can occur if the code is not compiled with MPI or only a single process is run.</Log>
    <Log>
      <Stats id="deme1" generation="4" popsize="500">
        <Item key="processed">207</Item>
        <Item key="total-processed">1341</Item>
        <Measure id="fitness">
          <Avg>0.790657</Avg>
          <Std>0.139361</Std>
          <Max>0.93192</Max>
          <Min>0</Min>
        </Measure>
        <Measure id="treedepth">
          <Avg>3.53</Avg>
          <Std>0.598177</Std>
          <Max>5</Max>
          <Min>1</Min>
        </Measure>
        <Measure id="treesize">
          <Avg>8.664</Avg>
          <Std>2.5298</Std>
          <Max>15</Max>
          <Min>1</Min>
        </Measure>
      </Stats>
    </Log>
    <Log>
      <Stats id="vivarium" generation="4" popsize="500">
        <Item key="processed">207</Item>
        <Item key="total-processed">1341</Item>
        <Measure id="fitness">
          <Avg>0.790657</Avg>
          <Std>0.139361</Std>
          <Max>0.93192</Max>
          <Min>0</Min>
        </Measure>
        <Measure id="treedepth">
          <Avg>3.53</Avg>
          <Std>0.598177</Std>
          <Max>5</Max>
          <Min>1</Min>
        </Measure>
        <Measure id="treesize">
          <Avg>8.664</Avg>
          <Std>2.5298</Std>
          <Max>15</Max>
          <Min>1</Min>
        </Measure>
      </Stats>
    </Log>
    <Log>Evolving generation 5</Log>
    <Log>Applying main-loop operators to the 1st deme</Log>
    <Log>Sum of probabilities of breeder operators children to replacement strategy named "GenerationalOp" is different from 1.0 (value: 2.1)</Log>
    <Log>Maximum fitness value (1) termination criterion reached by the 52nd individual (1)</Log>
    <Log>Termination criterion reached</Log>
    <Log>
      <Stats id="deme1" generation="5" popsize="500">
        <Item key="processed">182</Item>
        <Item key="total-processed">1523</Item>
        <Measure id="fitness">
          <Avg>0.825144</Avg>
          <Std>0.130171</Std>
          <Max>1</Max>
          <Min>0</Min>
        </Measure>
        <Measure id="treedepth">
          <Avg>3.704</Avg>
          <Std>0.510789</Std>
          <Max>5</Max>
          <Min>2</Min>
        </Measure>
        <Measure id="treesize">
          <Avg>9.146</Avg>
          <Std>2.09988</Std>
          <Max>15</Max>
          <Min>3</Min>
        </Measure>
      </Stats>
    </Log>
    <Log>
      <Stats id="vivarium" generation="5" popsize="500">
        <Item key="processed">182</Item>
        <Item key="total-processed">1523</Item>
        <Measure id="fitness">
          <Avg>0.825144</Avg>
          <Std>0.130171</Std>
          <Max>1</Max>
          <Min>0</Min>
        </Measure>
        <Measure id="treedepth">
          <Avg>3.704</Avg>
          <Std>0.510789</Std>
          <Max>5</Max>
          <Min>2</Min>
        </Measure>
        <Measure id="treesize">
          <Avg>9.146</Avg>
          <Std>2.09988</Std>
          <Max>15</Max>
          <Min>3</Min>
        </Measure>
      </Stats>
    </Log>
    <Log>Writing milestone file "gp_force.obm.gz"</Log>
    <Log>Current date and time: 15:55:42 08 Apr 2010</Log>
    <Log>End of evolution</Log>
  </Logger>
</Beagle>
