This file contains any messages produced by compilers while
running configure, to aid debugging if configure makes a mistake.

It was created by Open BEAGLE configure 3.0.3, which was
generated by GNU Autoconf 2.61.  Invocation command line was

  $ ./configure 

## --------- ##
## Platform. ##
## --------- ##

hostname = samt6818.srn.sandia.gov
uname -m = i386
uname -r = 9.8.0
uname -s = Darwin
uname -v = Darwin Kernel Version 9.8.0: Wed Jul 15 16:55:01 PDT 2009; root:xnu-1228.15.4~1/RELEASE_I386

/usr/bin/uname -p = i386
/bin/uname -X     = unknown

/bin/arch              = unknown
/usr/bin/arch -k       = unknown
/usr/convex/getsysinfo = unknown
/usr/bin/hostinfo      = Mach kernel version:
	 Darwin Kernel Version 9.8.0: Wed Jul 15 16:55:01 PDT 2009; root:xnu-1228.15.4~1/RELEASE_I386
Kernel configured for up to 2 processors.
2 processors are physically available.
2 processors are logically available.
Processor type: i486 (Intel 80486)
Processors active: 0 1
Primary memory available: 2.00 gigabytes
Default processor set: 84 tasks, 329 threads, 2 processors
Load average: 0.85, Mach factor: 1.14
/bin/machine           = unknown
/usr/bin/oslevel       = unknown
/bin/universe          = unknown

PATH: .
PATH: /Users/athomps/netapp/bin
PATH: /sw/bin
PATH: /sw/sbin
PATH: .
PATH: /Users/athomps/netapp/bin
PATH: .
PATH: /Users/athomps/netapp/bin
PATH: /usr/bin
PATH: /bin
PATH: /usr/sbin
PATH: /sbin
PATH: /usr/local/bin
PATH: /usr/texbin
PATH: /usr/X11/bin
PATH: /usr/X11R6/bin
PATH: /usr/X11/bin
PATH: /usr/local/bin
PATH: /Applications
PATH: /usr/local/bin
PATH: /Applications
PATH: /usr/local/bin
PATH: /Applications


## ----------- ##
## Core tests. ##
## ----------- ##

configure:1996: checking for a BSD-compatible install
configure:2052: result: /usr/bin/install -c
configure:2063: checking whether build environment is sane
configure:2106: result: yes
configure:2163: checking for gawk
configure:2179: found /sw/bin/gawk
configure:2190: result: gawk
configure:2201: checking whether make sets $(MAKE)
configure:2222: result: yes
configure:2412: checking for gawk
configure:2439: result: gawk
configure:2508: checking for g++
configure:2524: found /usr/bin/g++
configure:2535: result: g++
configure:2566: checking for C++ compiler version
configure:2573: g++ --version >&5
i686-apple-darwin9-g++-4.0.1 (GCC) 4.0.1 (Apple Inc. build 5465)
Copyright (C) 2005 Free Software Foundation, Inc.
This is free software; see the source for copying conditions.  There is NO
warranty; not even for MERCHANTABILITY or FITNESS FOR A PARTICULAR PURPOSE.

configure:2576: $? = 0
configure:2583: g++ -v >&5
Using built-in specs.
Target: i686-apple-darwin9
Configured with: /var/tmp/gcc/gcc-5465~16/src/configure --disable-checking -enable-werror --prefix=/usr --mandir=/share/man --enable-languages=c,objc,c++,obj-c++ --program-transform-name=/^[cg][^.-]*$/s/$/-4.0/ --with-gxx-include-dir=/include/c++/4.0.0 --with-slibdir=/usr/lib --build=i686-apple-darwin9 --with-arch=apple --with-tune=generic --host=i686-apple-darwin9 --target=i686-apple-darwin9
Thread model: posix
gcc version 4.0.1 (Apple Inc. build 5465)
configure:2586: $? = 0
configure:2593: g++ -V >&5
g++-4.0: argument to `-V' is missing
configure:2596: $? = 1
configure:2619: checking for C++ compiler default output file name
configure:2646: g++    conftest.cpp  >&5
configure:2649: $? = 0
configure:2687: result: a.out
configure:2704: checking whether the C++ compiler works
configure:2714: ./a.out
configure:2717: $? = 0
configure:2734: result: yes
configure:2741: checking whether we are cross compiling
configure:2743: result: no
configure:2746: checking for suffix of executables
configure:2753: g++ -o conftest    conftest.cpp  >&5
configure:2756: $? = 0
configure:2780: result: 
configure:2786: checking for suffix of object files
configure:2812: g++ -c   conftest.cpp >&5
configure:2815: $? = 0
configure:2838: result: o
configure:2842: checking whether we are using the GNU C++ compiler
configure:2871: g++ -c   conftest.cpp >&5
configure:2877: $? = 0
configure:2894: result: yes
configure:2899: checking whether g++ accepts -g
configure:2929: g++ -c -g  conftest.cpp >&5
configure:2935: $? = 0
configure:3034: result: yes
configure:3068: checking for style of include used by make
configure:3096: result: GNU
configure:3124: checking dependency style of g++
configure:3214: result: gcc3
configure:3236: checking how to run the C++ preprocessor
configure:3272: g++ -E  conftest.cpp
configure:3278: $? = 0
configure:3309: g++ -E  conftest.cpp
conftest.cpp:10:28: error: ac_nonexistent.h: No such file or directory
configure:3315: $? = 1
configure: failed program was:
| /* confdefs.h.  */
| #define PACKAGE_NAME "Open BEAGLE"
| #define PACKAGE_TARNAME "beagle"
| #define PACKAGE_VERSION "3.0.3"
| #define PACKAGE_STRING "Open BEAGLE 3.0.3"
| #define PACKAGE_BUGREPORT "cgagne@gmail.com"
| #define PACKAGE "beagle"
| #define VERSION "3.0.3"
| /* end confdefs.h.  */
| #include <ac_nonexistent.h>
configure:3348: result: g++ -E
configure:3377: g++ -E  conftest.cpp
configure:3383: $? = 0
configure:3414: g++ -E  conftest.cpp
conftest.cpp:10:28: error: ac_nonexistent.h: No such file or directory
configure:3420: $? = 1
configure: failed program was:
| /* confdefs.h.  */
| #define PACKAGE_NAME "Open BEAGLE"
| #define PACKAGE_TARNAME "beagle"
| #define PACKAGE_VERSION "3.0.3"
| #define PACKAGE_STRING "Open BEAGLE 3.0.3"
| #define PACKAGE_BUGREPORT "cgagne@gmail.com"
| #define PACKAGE "beagle"
| #define VERSION "3.0.3"
| /* end confdefs.h.  */
| #include <ac_nonexistent.h>
configure:3470: checking for a BSD-compatible install
configure:3526: result: /usr/bin/install -c
configure:3537: checking whether ln -s works
configure:3541: result: yes
configure:3626: checking build system type
configure:3644: result: i386-apple-darwin9.8.0
configure:3666: checking host system type
configure:3681: result: i386-apple-darwin9.8.0
configure:3751: checking for gcc
configure:3767: found /usr/bin/gcc
configure:3778: result: gcc
configure:4016: checking for C compiler version
configure:4023: gcc --version >&5
i686-apple-darwin9-gcc-4.0.1 (GCC) 4.0.1 (Apple Inc. build 5465)
Copyright (C) 2005 Free Software Foundation, Inc.
This is free software; see the source for copying conditions.  There is NO
warranty; not even for MERCHANTABILITY or FITNESS FOR A PARTICULAR PURPOSE.

configure:4026: $? = 0
configure:4033: gcc -v >&5
Using built-in specs.
Target: i686-apple-darwin9
Configured with: /var/tmp/gcc/gcc-5465~16/src/configure --disable-checking -enable-werror --prefix=/usr --mandir=/share/man --enable-languages=c,objc,c++,obj-c++ --program-transform-name=/^[cg][^.-]*$/s/$/-4.0/ --with-gxx-include-dir=/include/c++/4.0.0 --with-slibdir=/usr/lib --build=i686-apple-darwin9 --with-arch=apple --with-tune=generic --host=i686-apple-darwin9 --target=i686-apple-darwin9
Thread model: posix
gcc version 4.0.1 (Apple Inc. build 5465)
configure:4036: $? = 0
configure:4043: gcc -V >&5
gcc-4.0: argument to `-V' is missing
configure:4046: $? = 1
configure:4049: checking whether we are using the GNU C compiler
configure:4078: gcc -c   conftest.c >&5
configure:4084: $? = 0
configure:4101: result: yes
configure:4106: checking whether gcc accepts -g
configure:4136: gcc -c -g  conftest.c >&5
configure:4142: $? = 0
configure:4241: result: yes
configure:4258: checking for gcc option to accept ISO C89
configure:4332: gcc  -c -g -O2  conftest.c >&5
configure:4338: $? = 0
configure:4361: result: none needed
configure:4381: checking dependency style of gcc
configure:4471: result: gcc3
configure:4488: checking for a sed that does not truncate output
configure:4544: result: /usr/bin/sed
configure:4547: checking for grep that handles long lines and -e
configure:4621: result: /usr/bin/grep
configure:4626: checking for egrep
configure:4704: result: /usr/bin/grep -E
configure:4720: checking for ld used by gcc
configure:4787: result: /usr/libexec/gcc/i686-apple-darwin9/4.0.1/ld
configure:4796: checking if the linker (/usr/libexec/gcc/i686-apple-darwin9/4.0.1/ld) is GNU ld
configure:4811: result: no
configure:4816: checking for /usr/libexec/gcc/i686-apple-darwin9/4.0.1/ld option to reload object files
configure:4823: result: -r
configure:4841: checking for BSD-compatible nm
configure:4890: result: /usr/bin/nm -p
configure:4894: checking how to recognize dependent libraries
configure:5080: result: pass_all
configure:5321: checking how to run the C preprocessor
configure:5361: gcc -E  conftest.c
configure:5367: $? = 0
configure:5398: gcc -E  conftest.c
conftest.c:10:28: error: ac_nonexistent.h: No such file or directory
configure:5404: $? = 1
configure: failed program was:
| /* confdefs.h.  */
| #define PACKAGE_NAME "Open BEAGLE"
| #define PACKAGE_TARNAME "beagle"
| #define PACKAGE_VERSION "3.0.3"
| #define PACKAGE_STRING "Open BEAGLE 3.0.3"
| #define PACKAGE_BUGREPORT "cgagne@gmail.com"
| #define PACKAGE "beagle"
| #define VERSION "3.0.3"
| /* end confdefs.h.  */
| #include <ac_nonexistent.h>
configure:5437: result: gcc -E
configure:5466: gcc -E  conftest.c
configure:5472: $? = 0
configure:5503: gcc -E  conftest.c
conftest.c:10:28: error: ac_nonexistent.h: No such file or directory
configure:5509: $? = 1
configure: failed program was:
| /* confdefs.h.  */
| #define PACKAGE_NAME "Open BEAGLE"
| #define PACKAGE_TARNAME "beagle"
| #define PACKAGE_VERSION "3.0.3"
| #define PACKAGE_STRING "Open BEAGLE 3.0.3"
| #define PACKAGE_BUGREPORT "cgagne@gmail.com"
| #define PACKAGE "beagle"
| #define VERSION "3.0.3"
| /* end confdefs.h.  */
| #include <ac_nonexistent.h>
configure:5547: checking for ANSI C header files
configure:5577: gcc -c -g -O2  conftest.c >&5
configure:5583: $? = 0
configure:5682: gcc -o conftest -g -O2   conftest.c  >&5
configure:5685: $? = 0
configure:5691: ./conftest
configure:5694: $? = 0
configure:5711: result: yes
configure:5735: checking for sys/types.h
configure:5756: gcc -c -g -O2  conftest.c >&5
configure:5762: $? = 0
configure:5778: result: yes
configure:5735: checking for sys/stat.h
configure:5756: gcc -c -g -O2  conftest.c >&5
configure:5762: $? = 0
configure:5778: result: yes
configure:5735: checking for stdlib.h
configure:5756: gcc -c -g -O2  conftest.c >&5
configure:5762: $? = 0
configure:5778: result: yes
configure:5735: checking for string.h
configure:5756: gcc -c -g -O2  conftest.c >&5
configure:5762: $? = 0
configure:5778: result: yes
configure:5735: checking for memory.h
configure:5756: gcc -c -g -O2  conftest.c >&5
configure:5762: $? = 0
configure:5778: result: yes
configure:5735: checking for strings.h
configure:5756: gcc -c -g -O2  conftest.c >&5
configure:5762: $? = 0
configure:5778: result: yes
configure:5735: checking for inttypes.h
configure:5756: gcc -c -g -O2  conftest.c >&5
configure:5762: $? = 0
configure:5778: result: yes
configure:5735: checking for stdint.h
configure:5756: gcc -c -g -O2  conftest.c >&5
configure:5762: $? = 0
configure:5778: result: yes
configure:5735: checking for unistd.h
configure:5756: gcc -c -g -O2  conftest.c >&5
configure:5762: $? = 0
configure:5778: result: yes
configure:5805: checking dlfcn.h usability
configure:5822: gcc -c -g -O2  conftest.c >&5
configure:5828: $? = 0
configure:5842: result: yes
configure:5846: checking dlfcn.h presence
configure:5861: gcc -E  conftest.c
configure:5867: $? = 0
configure:5881: result: yes
configure:5914: checking for dlfcn.h
configure:5922: result: yes
configure:5945: checking how to run the C++ preprocessor
configure:6057: result: g++ -E
configure:6086: g++ -E  conftest.cpp
configure:6092: $? = 0
configure:6123: g++ -E  conftest.cpp
conftest.cpp:21:28: error: ac_nonexistent.h: No such file or directory
configure:6129: $? = 1
configure: failed program was:
| /* confdefs.h.  */
| #define PACKAGE_NAME "Open BEAGLE"
| #define PACKAGE_TARNAME "beagle"
| #define PACKAGE_VERSION "3.0.3"
| #define PACKAGE_STRING "Open BEAGLE 3.0.3"
| #define PACKAGE_BUGREPORT "cgagne@gmail.com"
| #define PACKAGE "beagle"
| #define VERSION "3.0.3"
| #define STDC_HEADERS 1
| #define HAVE_SYS_TYPES_H 1
| #define HAVE_SYS_STAT_H 1
| #define HAVE_STDLIB_H 1
| #define HAVE_STRING_H 1
| #define HAVE_MEMORY_H 1
| #define HAVE_STRINGS_H 1
| #define HAVE_INTTYPES_H 1
| #define HAVE_STDINT_H 1
| #define HAVE_UNISTD_H 1
| #define HAVE_DLFCN_H 1
| /* end confdefs.h.  */
| #include <ac_nonexistent.h>
configure:6222: checking for g77
configure:6252: result: no
configure:6222: checking for xlf
configure:6252: result: no
configure:6222: checking for f77
configure:6252: result: no
configure:6222: checking for frt
configure:6252: result: no
configure:6222: checking for pgf77
configure:6252: result: no
configure:6222: checking for cf77
configure:6252: result: no
configure:6222: checking for fort77
configure:6252: result: no
configure:6222: checking for fl32
configure:6252: result: no
configure:6222: checking for af77
configure:6252: result: no
configure:6222: checking for xlf90
configure:6252: result: no
configure:6222: checking for f90
configure:6252: result: no
configure:6222: checking for pgf90
configure:6252: result: no
configure:6222: checking for pghpf
configure:6252: result: no
configure:6222: checking for epcf90
configure:6252: result: no
configure:6222: checking for gfortran
configure:6238: found /sw/bin/gfortran
configure:6249: result: gfortran
configure:6279: checking for Fortran 77 compiler version
configure:6286: gfortran --version >&5
GNU Fortran (GCC) 4.2.2
Copyright (C) 2007 Free Software Foundation, Inc.

GNU Fortran comes with NO WARRANTY, to the extent permitted by law.
You may redistribute copies of GNU Fortran
under the terms of the GNU General Public License.
For more information about these matters, see the file named COPYING

configure:6289: $? = 0
configure:6296: gfortran -v >&5
Using built-in specs.
Target: i686-apple-darwin9
Configured with: ../gcc-4.2.2/configure --prefix=/sw --prefix=/sw/lib/gcc4.2 --mandir=/sw/share/man --infodir=/sw/share/info --enable-languages=c,c++,fortran,objc,java --with-arch=nocona --with-tune=generic --host=i686-apple-darwin9 --with-gmp=/sw --with-libiconv-prefix=/sw --with-system-zlib --x-includes=/usr/X11R6/include --x-libraries=/usr/X11R6/lib
Thread model: posix
gcc version 4.2.2
configure:6299: $? = 0
configure:6306: gfortran -V >&5
gfortran: '-V' option must have argument
configure:6309: $? = 1
configure:6317: checking whether we are using the GNU Fortran 77 compiler
configure:6336: gfortran -c  conftest.F >&5
configure:6342: $? = 0
configure:6359: result: yes
configure:6365: checking whether gfortran accepts -g
configure:6382: gfortran -c -g conftest.f >&5
configure:6388: $? = 0
configure:6404: result: yes
configure:6434: checking the maximum length of command line arguments
configure:6546: result: 196608
configure:6558: checking command to parse /usr/bin/nm -p output from gcc object
configure:6663: gcc -c -g -O2  conftest.c >&5
configure:6666: $? = 0
configure:6670: /usr/bin/nm -p conftest.o \| sed -n -e 's/^.*[ 	]\([BCDEGRST][BCDEGRST]*\)[ 	][ 	]*\([_A-Za-z][_A-Za-z0-9]*\)$/\1 \2 \2/p' \> conftest.nm
configure:6673: $? = 0
cannot find nm_test_var in conftest.nm
configure:6663: gcc -c -g -O2  conftest.c >&5
configure:6666: $? = 0
configure:6670: /usr/bin/nm -p conftest.o \| sed -n -e 's/^.*[ 	]\([BCDEGRST][BCDEGRST]*\)[ 	][ 	]*_\([_A-Za-z][_A-Za-z0-9]*\)$/\1 _\2 \2/p' \> conftest.nm
configure:6673: $? = 0
configure:6725: gcc -o conftest -g -O2   conftest.c conftstm.o >&5
configure:6728: $? = 0
configure:6766: result: ok
configure:6770: checking for objdir
configure:6785: result: .libs
configure:6877: checking for ar
configure:6893: found /usr/bin/ar
configure:6904: result: ar
configure:6973: checking for ranlib
configure:6989: found /usr/bin/ranlib
configure:7000: result: ranlib
configure:7069: checking for strip
configure:7085: found /usr/bin/strip
configure:7096: result: strip
configure:7382: checking if gcc supports -fno-rtti -fno-exceptions
configure:7400: gcc -c -g -O2  -fno-rtti -fno-exceptions conftest.c >&5
cc1: warning: command line option "-fno-rtti" is valid for C++/ObjC++ but not for C
configure:7404: $? = 0
configure:7417: result: no
configure:7432: checking for gcc option to produce PIC
configure:7664: result: -fno-common
configure:7672: checking if gcc PIC flag -fno-common works
configure:7690: gcc -c -g -O2  -fno-common -DPIC conftest.c >&5
configure:7694: $? = 0
configure:7707: result: yes
configure:7735: checking if gcc static flag -static works
configure:7763: result: no
configure:7773: checking if gcc supports -c -o file.o
configure:7794: gcc -c -g -O2  -o out/conftest2.o conftest.c >&5
configure:7798: $? = 0
configure:7820: result: yes
configure:7846: checking whether the gcc linker (/usr/libexec/gcc/i686-apple-darwin9/4.0.1/ld) supports shared libraries
configure:8827: result: yes
configure:8894: checking dynamic linker characteristics
configure:9508: result: darwin9.8.0 dyld
configure:9517: checking how to hardcode library paths into programs
configure:9542: result: immediate
configure:9556: checking whether stripping libraries is possible
configure:9570: result: yes
configure:10363: checking if libtool supports shared libraries
configure:10365: result: yes
configure:10368: checking whether to build shared libraries
configure:10389: result: yes
configure:10392: checking whether to build static libraries
configure:10396: result: yes
configure:10489: creating libtool
configure:11077: checking for ld used by g++
configure:11144: result: /usr/libexec/gcc/i686-apple-darwin9/4.0.1/ld
configure:11153: checking if the linker (/usr/libexec/gcc/i686-apple-darwin9/4.0.1/ld) is GNU ld
configure:11168: result: no
configure:11219: checking whether the g++ linker (/usr/libexec/gcc/i686-apple-darwin9/4.0.1/ld) supports shared libraries
configure:12193: result: yes
configure:12211: g++ -c -g -O2  conftest.cpp >&5
configure:12214: $? = 0
configure:12366: checking for g++ option to produce PIC
configure:12650: result: -fno-common
configure:12658: checking if g++ PIC flag -fno-common works
configure:12676: g++ -c -g -O2  -fno-common -DPIC conftest.cpp >&5
configure:12680: $? = 0
configure:12693: result: yes
configure:12721: checking if g++ static flag -static works
configure:12749: result: no
configure:12759: checking if g++ supports -c -o file.o
configure:12780: g++ -c -g -O2  -o out/conftest2.o conftest.cpp >&5
configure:12784: $? = 0
configure:12806: result: yes
configure:12832: checking whether the g++ linker (/usr/libexec/gcc/i686-apple-darwin9/4.0.1/ld) supports shared libraries
configure:12860: result: yes
configure:12927: checking dynamic linker characteristics
configure:13489: result: darwin9.8.0 dyld
configure:13498: checking how to hardcode library paths into programs
configure:13523: result: immediate
configure:14057: checking if libtool supports shared libraries
configure:14059: result: yes
configure:14062: checking whether to build shared libraries
configure:14082: result: yes
configure:14085: checking whether to build static libraries
configure:14089: result: yes
configure:14099: checking for gfortran option to produce PIC
configure:14331: result: -fno-common
configure:14339: checking if gfortran PIC flag -fno-common works
configure:14357: gfortran -c -g -O2 -fno-common conftest.f >&5
configure:14361: $? = 0
configure:14374: result: yes
configure:14402: checking if gfortran static flag -static works
configure:14430: result: no
configure:14440: checking if gfortran supports -c -o file.o
configure:14461: gfortran -c -g -O2 -o out/conftest2.o conftest.f >&5
configure:14465: $? = 0
configure:14487: result: yes
configure:14513: checking whether the gfortran linker (/usr/libexec/gcc/i686-apple-darwin9/4.0.1/ld) supports shared libraries
configure:15474: result: yes
configure:15541: checking dynamic linker characteristics
configure:16103: result: darwin9.8.0 dyld
configure:16112: checking how to hardcode library paths into programs
configure:16137: result: immediate
configure:19815: checking for ANSI C header files
configure:19979: result: yes
configure:19990: checking whether the compiler recognizes bool as a built-in type
configure:20027: g++ -c -g -O2  conftest.cpp >&5
configure:20033: $? = 0
configure:20055: result: yes
configure:20065: checking for long long int
configure:20099: g++ -c -g -O2  conftest.cpp >&5
configure:20105: $? = 0
configure:20121: result: yes
configure:20131: checking whether the compiler supports isfinite macro
configure:20165: g++ -c -g -O2  conftest.cpp >&5
conftest.cpp: In function 'int main()':
conftest.cpp:30: error: 'isfinite' was not declared in this scope
configure:20171: $? = 1
configure: failed program was:
| /* confdefs.h.  */
| #define PACKAGE_NAME "Open BEAGLE"
| #define PACKAGE_TARNAME "beagle"
| #define PACKAGE_VERSION "3.0.3"
| #define PACKAGE_STRING "Open BEAGLE 3.0.3"
| #define PACKAGE_BUGREPORT "cgagne@gmail.com"
| #define PACKAGE "beagle"
| #define VERSION "3.0.3"
| #define STDC_HEADERS 1
| #define HAVE_SYS_TYPES_H 1
| #define HAVE_SYS_STAT_H 1
| #define HAVE_STDLIB_H 1
| #define HAVE_STRING_H 1
| #define HAVE_MEMORY_H 1
| #define HAVE_STRINGS_H 1
| #define HAVE_INTTYPES_H 1
| #define HAVE_STDINT_H 1
| #define HAVE_UNISTD_H 1
| #define HAVE_DLFCN_H 1
| #define FAST_COMPILATION
| #define STDC_HEADERS 1
| #define HAVE_BOOL
| #define HAVE_LONG_LONG
| /* end confdefs.h.  */
| #define _GNU_SOURCE
|                  #include <cmath>
| int
| main ()
| {
| double d=0; int n = isfinite(d);
|   ;
|   return 0;
| }
configure:20193: result: no
configure:20203: checking whether the compiler supports basic templates
configure:20238: g++ -c -g -O2  conftest.cpp >&5
configure:20244: $? = 0
configure:20266: result: yes
configure:20276: checking whether the compiler recognizes typename
configure:20309: g++ -c -g -O2  conftest.cpp >&5
configure:20315: $? = 0
configure:20337: result: yes
configure:20347: checking whether the compiler supports function matching with argument types which are template scope-qualified
configure:20388: g++ -c -g -O2  conftest.cpp >&5
configure:20394: $? = 0
configure:20416: result: yes
configure:20426: checking whether the compiler supports default template parameters
configure:20461: g++ -c -g -O2  conftest.cpp >&5
configure:20467: $? = 0
configure:20489: result: yes
configure:20499: checking whether the compiler supports template-qualified base class specifiers
configure:20545: g++ -c -g -O2  conftest.cpp >&5
conftest.cpp:36: error: an explicit specialization must be preceded by 'template <>'
conftest.cpp: In member function 'int Weird<T>::g() const':
conftest.cpp:40: error: there are no arguments to 'f' that depend on a template parameter, so a declaration of 'f' must be available
conftest.cpp:40: error: (if you use '-fpermissive', G++ will accept your code, but allowing the use of an undeclared name is deprecated)
configure:20551: $? = 1
configure: failed program was:
| /* confdefs.h.  */
| #define PACKAGE_NAME "Open BEAGLE"
| #define PACKAGE_TARNAME "beagle"
| #define PACKAGE_VERSION "3.0.3"
| #define PACKAGE_STRING "Open BEAGLE 3.0.3"
| #define PACKAGE_BUGREPORT "cgagne@gmail.com"
| #define PACKAGE "beagle"
| #define VERSION "3.0.3"
| #define STDC_HEADERS 1
| #define HAVE_SYS_TYPES_H 1
| #define HAVE_SYS_STAT_H 1
| #define HAVE_STDLIB_H 1
| #define HAVE_STRING_H 1
| #define HAVE_MEMORY_H 1
| #define HAVE_STRINGS_H 1
| #define HAVE_INTTYPES_H 1
| #define HAVE_STDINT_H 1
| #define HAVE_UNISTD_H 1
| #define HAVE_DLFCN_H 1
| #define FAST_COMPILATION
| #define STDC_HEADERS 1
| #define HAVE_BOOL
| #define HAVE_LONG_LONG
| #define HAVE_TEMPLATES
| #define HAVE_TYPENAME
| #define HAVE_TEMPLATE_SCOPED_ARGUMENT_MATCHING
| #define HAVE_DEFAULT_TEMPLATE_PARAMETERS
| /* end confdefs.h.  */
| 
| #ifndef HAVE_TYPENAME
|  #define typename
| #endif
| class Base1 { public : int f () const { return 1; } };
| class Base2 { public : int f () const { return 0; } };
| template<class X> struct base_trait        { typedef Base1 base; };
|                   struct base_trait<float> { typedef Base2 base; };
| template<class T> class Weird : public base_trait<T>::base
| { public :
|   typedef typename base_trait<T>::base base;
|   int g () const { return f (); }
| };
| int
| main ()
| {
|  Weird<float> z; return z.g ();
|   ;
|   return 0;
| }
configure:20573: result: no
configure:20583: checking whether the compiler supports template-qualified return types
configure:20627: g++ -c -g -O2  conftest.cpp >&5
configure:20633: $? = 0
configure:20655: result: yes
configure:20665: checking whether the compiler supports const_cast<>
configure:20698: g++ -c -g -O2  conftest.cpp >&5
configure:20704: $? = 0
configure:20726: result: yes
configure:20736: checking whether the compiler supports reinterpret_cast<>
configure:20774: g++ -c -g -O2  conftest.cpp >&5
configure:20780: $? = 0
configure:20802: result: yes
configure:20812: checking whether the compiler supports static_cast<>
configure:20849: g++ -c -g -O2  conftest.cpp >&5
configure:20855: $? = 0
configure:20877: result: yes
configure:20887: checking whether the compiler supports dynamic_cast<>
configure:20923: g++ -c -g -O2  conftest.cpp >&5
configure:20929: $? = 0
configure:20951: result: yes
configure:20961: checking whether the compiler supports exceptions
configure:20994: g++ -c -g -O2  conftest.cpp >&5
configure:21000: $? = 0
configure:21022: result: yes
configure:21032: checking whether the compiler supports the explicit keyword
configure:21065: g++ -c -g -O2  conftest.cpp >&5
configure:21071: $? = 0
configure:21093: result: yes
configure:21103: checking whether the compiler implements namespaces
configure:21136: g++ -c -g -O2  conftest.cpp >&5
configure:21142: $? = 0
configure:21164: result: yes
configure:21174: checking whether the compiler supports Run-Time Type Identification
configure:21219: g++ -c -g -O2  conftest.cpp >&5
configure:21225: $? = 0
configure:21247: result: yes
configure:21257: checking whether the compiler supports ISO C++ standard library
configure:21297: g++ -c -g -O2  conftest.cpp >&5
configure:21303: $? = 0
configure:21325: result: yes
configure:21335: checking whether the compiler supports Standard Template Library
configure:21374: g++ -c -g -O2  conftest.cpp >&5
configure:21380: $? = 0
configure:21402: result: yes
configure:21412: checking whether the compiler has numeric_limits<T>
configure:21449: g++ -c -g -O2  conftest.cpp >&5
configure:21455: $? = 0
configure:21477: result: yes
configure:21487: checking whether the compiler has stringstream
configure:21524: g++ -c -g -O2  conftest.cpp >&5
configure:21530: $? = 0
configure:21552: result: yes
configure:22020: checking for /dev/urandom
configure:22035: result: yes
configure:22237: checking for the pthreads library -lpthreads
configure:22280: gcc -o conftest -g -O2    conftest.c -lpthreads  >&5
ld: library not found for -lpthreads
collect2: ld returned 1 exit status
configure:22286: $? = 1
configure: failed program was:
| /* confdefs.h.  */
| #define PACKAGE_NAME "Open BEAGLE"
| #define PACKAGE_TARNAME "beagle"
| #define PACKAGE_VERSION "3.0.3"
| #define PACKAGE_STRING "Open BEAGLE 3.0.3"
| #define PACKAGE_BUGREPORT "cgagne@gmail.com"
| #define PACKAGE "beagle"
| #define VERSION "3.0.3"
| #define STDC_HEADERS 1
| #define HAVE_SYS_TYPES_H 1
| #define HAVE_SYS_STAT_H 1
| #define HAVE_STDLIB_H 1
| #define HAVE_STRING_H 1
| #define HAVE_MEMORY_H 1
| #define HAVE_STRINGS_H 1
| #define HAVE_INTTYPES_H 1
| #define HAVE_STDINT_H 1
| #define HAVE_UNISTD_H 1
| #define HAVE_DLFCN_H 1
| #define FAST_COMPILATION
| #define STDC_HEADERS 1
| #define HAVE_BOOL
| #define HAVE_LONG_LONG
| #define HAVE_TEMPLATES
| #define HAVE_TYPENAME
| #define HAVE_TEMPLATE_SCOPED_ARGUMENT_MATCHING
| #define HAVE_DEFAULT_TEMPLATE_PARAMETERS
| #define HAVE_TEMPLATE_QUALIFIED_RETURN_TYPE
| #define HAVE_CONST_CAST
| #define HAVE_REINTERPRET_CAST
| #define HAVE_STATIC_CAST
| #define HAVE_DYNAMIC_CAST
| #define HAVE_EXCEPTIONS
| #define HAVE_EXPLICIT
| #define HAVE_NAMESPACES
| #define HAVE_RTTI
| #define HAVE_STD
| #define HAVE_STL
| #define HAVE_NUMERIC_LIMITS
| #define HAVE_SSTREAM
| #define HAVE_DEV_URANDOM
| /* end confdefs.h.  */
| #include <pthread.h>
| int
| main ()
| {
| pthread_t th; pthread_join(th, 0);
|                      pthread_attr_init(0); pthread_cleanup_push(0, 0);
|                      pthread_create(0,0,0,0); pthread_cleanup_pop(0);
|   ;
|   return 0;
| }
configure:22306: result: no
configure:22182: checking whether pthreads work without any flags
configure:22280: gcc -o conftest -g -O2    conftest.c   >&5
configure:22286: $? = 0
configure:22306: result: yes
configure:22326: checking for joinable pthread attribute
configure:22349: gcc -o conftest -g -O2    conftest.c   >&5
configure:22355: $? = 0
configure:22423: result: PTHREAD_CREATE_JOINABLE
configure:22430: checking if more special flags are required for pthreads
configure:22437: result: -D_THREAD_SAFE
configure:22449: checking for cc_r
configure:22477: result: gcc
configure:22519: checking if zlib is wanted
configure:22534: result: yes
configure:22561: checking for inflateEnd in -lz
configure:22596: gcc -o conftest -g -O2 -D_THREAD_SAFE   -I/usr/include  -L/usr/lib conftest.c -lz    >&5
configure:22602: $? = 0
configure:22620: result: yes
configure:22638: checking zlib.h usability
configure:22655: gcc -c -g -O2 -D_THREAD_SAFE   -I/usr/include conftest.c >&5
configure:22661: $? = 0
configure:22675: result: yes
configure:22679: checking zlib.h presence
configure:22694: gcc -E  -I/usr/include conftest.c
configure:22700: $? = 0
configure:22714: result: yes
configure:22747: checking for zlib.h
configure:22754: result: yes
configure:22777: checking for inflateEnd in -lz
configure:22836: result: yes
configure:22847: checking zlib in /usr
configure:22849: result: ok
configure:23055: creating ./config.status

## ---------------------- ##
## Running config.status. ##
## ---------------------- ##

This file was extended by Open BEAGLE config.status 3.0.3, which was
generated by GNU Autoconf 2.61.  Invocation command line was

  CONFIG_FILES    = 
  CONFIG_HEADERS  = 
  CONFIG_LINKS    = 
  CONFIG_COMMANDS = 
  $ ./config.status 

on samt6818.srn.sandia.gov

config.status:712: creating Makefile
config.status:712: creating PACC/Makefile
config.status:712: creating PACC/Math/Makefile
config.status:712: creating PACC/SVG/Makefile
config.status:712: creating PACC/Socket/Makefile
config.status:712: creating PACC/Threading/Makefile
config.status:712: creating PACC/Util/Makefile
config.status:712: creating PACC/XML/Makefile
config.status:712: creating beagle/Makefile
config.status:712: creating beagle/include/Makefile
config.status:712: creating beagle/include/beagle/Makefile
config.status:712: creating beagle/src/Makefile
config.status:712: creating beagle/GA/Makefile
config.status:712: creating beagle/GA/include/Makefile
config.status:712: creating beagle/GA/include/beagle/Makefile
config.status:712: creating beagle/GA/include/beagle/GA/Makefile
config.status:712: creating beagle/GA/src/Makefile
config.status:712: creating beagle/GP/Makefile
config.status:712: creating beagle/GP/include/Makefile
config.status:712: creating beagle/GP/include/beagle/Makefile
config.status:712: creating beagle/GP/include/beagle/GP/Makefile
config.status:712: creating beagle/GP/src/Makefile
config.status:712: creating beagle/Coev/Makefile
config.status:712: creating beagle/Coev/include/Makefile
config.status:712: creating beagle/Coev/include/beagle/Makefile
config.status:712: creating beagle/Coev/include/beagle/Coev/Makefile
config.status:712: creating beagle/Coev/src/Makefile
config.status:712: creating tests/Makefile
config.status:712: creating tests/Common/Makefile
config.status:712: creating tests/Exception/Makefile
config.status:712: creating tests/GA/Makefile
config.status:712: creating tests/GA/optfct/Makefile
config.status:712: creating tests/GP/Makefile
config.status:712: creating tests/GP/FitnessTestGPIndividual/Makefile
config.status:712: creating tests/GP/ReadGPIndividual/Makefile
config.status:712: creating tests/GP/WriteRandomGPIndividual/Makefile
config.status:712: creating tests/LinGP/Makefile
config.status:712: creating tests/LinGP/include/Makefile
config.status:712: creating tests/LinGP/include/beagle/Makefile
config.status:712: creating tests/LinGP/include/beagle/LinGP/Makefile
config.status:712: creating tests/LinGP/src/Makefile
config.status:712: creating tests/Roulette/Makefile
config.status:712: creating tests/Thread/Makefile
config.status:712: creating tests/TransportTCPIPOp/Makefile
config.status:712: creating config/config-h
config.status:957: config/config-h is unchanged
config.status:1003: executing beagle/include/beagle/config.hpp commands
config.status:1043: creating beagle/include/beagle/config.hpp - prefix BEAGLE for config/config-h defines
config.status:1065: beagle/include/beagle/config.hpp is unchanged
config.status:1003: executing depfiles commands

## ---------------- ##
## Cache variables. ##
## ---------------- ##

ac_cv_build=i386-apple-darwin9.8.0
ac_cv_c_compiler_gnu=yes
ac_cv_cxx_bool=yes
ac_cv_cxx_compiler_gnu=yes
ac_cv_cxx_const_cast=yes
ac_cv_cxx_default_template_parameters=yes
ac_cv_cxx_dynamic_cast=yes
ac_cv_cxx_exceptions=yes
ac_cv_cxx_explicit=yes
ac_cv_cxx_have_isfinite=no
ac_cv_cxx_have_numeric_limits=yes
ac_cv_cxx_have_sstream=yes
ac_cv_cxx_have_std=yes
ac_cv_cxx_have_stl=yes
ac_cv_cxx_namespaces=yes
ac_cv_cxx_reinterpret_cast=yes
ac_cv_cxx_rtti=yes
ac_cv_cxx_static_cast=yes
ac_cv_cxx_template_qualified_base_class=no
ac_cv_cxx_template_qualified_return_type=yes
ac_cv_cxx_template_scoped_argument_matching=yes
ac_cv_cxx_templates=yes
ac_cv_cxx_typename=yes
ac_cv_env_CCC_set=
ac_cv_env_CCC_value=
ac_cv_env_CC_set=
ac_cv_env_CC_value=
ac_cv_env_CFLAGS_set=
ac_cv_env_CFLAGS_value=
ac_cv_env_CPPFLAGS_set=
ac_cv_env_CPPFLAGS_value=
ac_cv_env_CPP_set=
ac_cv_env_CPP_value=
ac_cv_env_CXXCPP_set=
ac_cv_env_CXXCPP_value=
ac_cv_env_CXXFLAGS_set=
ac_cv_env_CXXFLAGS_value=
ac_cv_env_CXX_set=
ac_cv_env_CXX_value=
ac_cv_env_F77_set=
ac_cv_env_F77_value=
ac_cv_env_FFLAGS_set=
ac_cv_env_FFLAGS_value=
ac_cv_env_LDFLAGS_set=
ac_cv_env_LDFLAGS_value=
ac_cv_env_LIBS_set=
ac_cv_env_LIBS_value=
ac_cv_env_build_alias_set=
ac_cv_env_build_alias_value=
ac_cv_env_host_alias_set=
ac_cv_env_host_alias_value=
ac_cv_env_target_alias_set=
ac_cv_env_target_alias_value=
ac_cv_f77_compiler_gnu=yes
ac_cv_file__dev_urandom=yes
ac_cv_header_dlfcn_h=yes
ac_cv_header_inttypes_h=yes
ac_cv_header_memory_h=yes
ac_cv_header_stdc=yes
ac_cv_header_stdint_h=yes
ac_cv_header_stdlib_h=yes
ac_cv_header_string_h=yes
ac_cv_header_strings_h=yes
ac_cv_header_sys_stat_h=yes
ac_cv_header_sys_types_h=yes
ac_cv_header_unistd_h=yes
ac_cv_header_zlib_h=yes
ac_cv_host=i386-apple-darwin9.8.0
ac_cv_lib_z_inflateEnd=yes
ac_cv_objext=o
ac_cv_path_EGREP='/usr/bin/grep -E'
ac_cv_path_GREP=/usr/bin/grep
ac_cv_path_INTLTOOL_PERL=/usr/bin/perl
ac_cv_path_install='/usr/bin/install -c'
ac_cv_prog_AWK=gawk
ac_cv_prog_CPP='gcc -E'
ac_cv_prog_CXXCPP='g++ -E'
ac_cv_prog_PTHREAD_CC=gcc
ac_cv_prog_ac_ct_AR=ar
ac_cv_prog_ac_ct_CC=gcc
ac_cv_prog_ac_ct_CXX=g++
ac_cv_prog_ac_ct_F77=gfortran
ac_cv_prog_ac_ct_RANLIB=ranlib
ac_cv_prog_ac_ct_STRIP=strip
ac_cv_prog_cc_c89=
ac_cv_prog_cc_g=yes
ac_cv_prog_cxx_g=yes
ac_cv_prog_f77_g=yes
ac_cv_prog_make_make_set=yes
am_cv_CC_dependencies_compiler_type=gcc3
am_cv_CXX_dependencies_compiler_type=gcc3
lt_cv_deplibs_check_method=pass_all
lt_cv_file_magic_cmd='$MAGIC_CMD'
lt_cv_file_magic_test_file=
lt_cv_ld_reload_flag=-r
lt_cv_objdir=.libs
lt_cv_path_LD=/usr/libexec/gcc/i686-apple-darwin9/4.0.1/ld
lt_cv_path_LDCXX=/usr/libexec/gcc/i686-apple-darwin9/4.0.1/ld
lt_cv_path_NM='/usr/bin/nm -p'
lt_cv_path_SED=/usr/bin/sed
lt_cv_prog_compiler_c_o=yes
lt_cv_prog_compiler_c_o_CXX=yes
lt_cv_prog_compiler_c_o_F77=yes
lt_cv_prog_compiler_rtti_exceptions=no
lt_cv_prog_gnu_ld=no
lt_cv_prog_gnu_ldcxx=no
lt_cv_sys_global_symbol_pipe='sed -n -e '\''s/^.*[ 	]\([BCDEGRST][BCDEGRST]*\)[ 	][ 	]*_\([_A-Za-z][_A-Za-z0-9]*\)$/\1 _\2 \2/p'\'''
lt_cv_sys_global_symbol_to_c_name_address='sed -n -e '\''s/^: \([^ ]*\) $/  {\"\1\", (lt_ptr) 0},/p'\'' -e '\''s/^[BCDEGRST] \([^ ]*\) \([^ ]*\)$/  {"\2", (lt_ptr) \&\2},/p'\'''
lt_cv_sys_global_symbol_to_cdecl='sed -n -e '\''s/^. .* \(.*\)$/extern int \1;/p'\'''
lt_cv_sys_max_cmd_len=196608
lt_lt_cv_prog_compiler_c_o='"yes"'
lt_lt_cv_prog_compiler_c_o_CXX='"yes"'
lt_lt_cv_prog_compiler_c_o_F77='"yes"'
lt_lt_cv_sys_global_symbol_pipe='"sed -n -e '\''s/^.*[ 	]\\([BCDEGRST][BCDEGRST]*\\)[ 	][ 	]*_\\([_A-Za-z][_A-Za-z0-9]*\\)\$/\\1 _\\2 \\2/p'\''"'
lt_lt_cv_sys_global_symbol_to_c_name_address='"sed -n -e '\''s/^: \\([^ ]*\\) \$/  {\\\"\\1\\\", (lt_ptr) 0},/p'\'' -e '\''s/^[BCDEGRST] \\([^ ]*\\) \\([^ ]*\\)\$/  {\"\\2\", (lt_ptr) \\&\\2},/p'\''"'
lt_lt_cv_sys_global_symbol_to_cdecl='"sed -n -e '\''s/^. .* \\(.*\\)\$/extern int \\1;/p'\''"'
ob_cv_cxx_long_long=yes
zlib_cv_libz=yes
zlib_cv_zlib_h=yes

## ----------------- ##
## Output variables. ##
## ----------------- ##

ACLOCAL='${SHELL} /Users/athomps/netapp/codes/GP_MikeBrown/gp_force/beagle-3.0.3/config/missing --run aclocal-1.8'
AMDEPBACKSLASH='\'
AMDEP_FALSE='#'
AMDEP_TRUE=''
AMTAR='${SHELL} /Users/athomps/netapp/codes/GP_MikeBrown/gp_force/beagle-3.0.3/config/missing --run tar'
AR='ar'
AUTOCONF='${SHELL} /Users/athomps/netapp/codes/GP_MikeBrown/gp_force/beagle-3.0.3/config/missing --run autoconf'
AUTOHEADER='${SHELL} /Users/athomps/netapp/codes/GP_MikeBrown/gp_force/beagle-3.0.3/config/missing --run autoheader'
AUTOMAKE='${SHELL} /Users/athomps/netapp/codes/GP_MikeBrown/gp_force/beagle-3.0.3/config/missing --run automake-1.8'
AWK='gawk'
CC='gcc'
CCDEPMODE='depmode=gcc3'
CFLAGS='-g -O2 -D_THREAD_SAFE '
COMPILE_TESTS_FALSE=''
COMPILE_TESTS_TRUE='#'
CPP='gcc -E'
CPPFLAGS=' -I/usr/include -DPACC_ZLIB'
CXX='g++'
CXXCPP='g++ -E'
CXXDEPMODE='depmode=gcc3'
CXXFLAGS='-g -O2 -D_THREAD_SAFE '
CYGPATH_W='echo'
DEFS='-DHAVE_CONFIG_H'
DEPDIR='.deps'
ECHO='/bin/echo'
ECHO_C='ECHO_N=''
ECHO_T=''
EGREP='/usr/bin/grep -E'
EXEEXT=''
F77='gfortran'
FAST_COMPILATION_FALSE='#'
FAST_COMPILATION_TRUE=''
FFLAGS='-g -O2'
GREP='/usr/bin/grep'
INSTALL_DATA='${INSTALL} -m 644'
INSTALL_PROGRAM='${INSTALL}'
INSTALL_SCRIPT='${INSTALL}'
INSTALL_STRIP_PROGRAM='${SHELL} $(install_sh) -c -s'
LDFLAGS=' -L/usr/lib'
LIBOBJS=''
LIBS='-lz  '
LIBTOOL='$(SHELL) $(top_builddir)/libtool'
LN_S='ln -s'
LTLIBOBJS=''
MAKEINFO='${SHELL} /Users/athomps/netapp/codes/GP_MikeBrown/gp_force/beagle-3.0.3/config/missing --run makeinfo'
OBJEXT='o'
PACC_VERSION='1.3.1b'
PACKAGE='beagle'
PACKAGE_BUGREPORT='cgagne@gmail.com'
PACKAGE_NAME='Open BEAGLE'
PACKAGE_STRING='Open BEAGLE 3.0.3'
PACKAGE_TARNAME='beagle'
PACKAGE_VERSION='3.0.3'
PATH_SEPARATOR=':'
PTHREAD_CC='gcc'
PTHREAD_CFLAGS='-D_THREAD_SAFE '
PTHREAD_LIBS=''
RANLIB='ranlib'
SED='/usr/bin/sed'
SET_MAKE=''
SHELL='/bin/sh'
STRIP='strip'
VERSION='3.0.3'
ac_ct_CC='gcc'
ac_ct_CXX='g++'
ac_ct_F77='gfortran'
acx_pthread_config=''
am__fastdepCC_FALSE='#'
am__fastdepCC_TRUE=''
am__fastdepCXX_FALSE='#'
am__fastdepCXX_TRUE=''
am__include='include'
am__leading_dot='.'
am__quote=''
bindir='${exec_prefix}/bin'
build='i386-apple-darwin9.8.0'
build_alias=''
build_cpu='i386'
build_os='darwin9.8.0'
build_vendor='apple'
datadir='${datarootdir}'
datarootdir='${prefix}/share'
docdir='${datarootdir}/doc/${PACKAGE_TARNAME}'
dvidir='${docdir}'
exec_prefix='${prefix}'
host='i386-apple-darwin9.8.0'
host_alias=''
host_cpu='i386'
host_os='darwin9.8.0'
host_vendor='apple'
htmldir='${docdir}'
includedir='${prefix}/include'
infodir='${datarootdir}/info'
install_sh='/Users/athomps/netapp/codes/GP_MikeBrown/gp_force/beagle-3.0.3/config/install-sh'
libdir='${exec_prefix}/lib'
libexecdir='${exec_prefix}/libexec'
localedir='${datarootdir}/locale'
localstatedir='${prefix}/var'
mandir='${datarootdir}/man'
mkdir_p='$(mkinstalldirs)'
oldincludedir='/usr/include'
pdfdir='${docdir}'
prefix='/usr/local'
program_transform_name='s,x,x,'
psdir='${docdir}'
sbindir='${exec_prefix}/sbin'
sharedstatedir='${prefix}/com'
sysconfdir='${prefix}/etc'
target_alias=''

## ----------- ##
## confdefs.h. ##
## ----------- ##

#define PACKAGE_NAME "Open BEAGLE"
#define PACKAGE_TARNAME "beagle"
#define PACKAGE_VERSION "3.0.3"
#define PACKAGE_STRING "Open BEAGLE 3.0.3"
#define PACKAGE_BUGREPORT "cgagne@gmail.com"
#define PACKAGE "beagle"
#define VERSION "3.0.3"
#define STDC_HEADERS 1
#define HAVE_SYS_TYPES_H 1
#define HAVE_SYS_STAT_H 1
#define HAVE_STDLIB_H 1
#define HAVE_STRING_H 1
#define HAVE_MEMORY_H 1
#define HAVE_STRINGS_H 1
#define HAVE_INTTYPES_H 1
#define HAVE_STDINT_H 1
#define HAVE_UNISTD_H 1
#define HAVE_DLFCN_H 1
#define FAST_COMPILATION
#define STDC_HEADERS 1
#define HAVE_BOOL
#define HAVE_LONG_LONG
#define HAVE_TEMPLATES
#define HAVE_TYPENAME
#define HAVE_TEMPLATE_SCOPED_ARGUMENT_MATCHING
#define HAVE_DEFAULT_TEMPLATE_PARAMETERS
#define HAVE_TEMPLATE_QUALIFIED_RETURN_TYPE
#define HAVE_CONST_CAST
#define HAVE_REINTERPRET_CAST
#define HAVE_STATIC_CAST
#define HAVE_DYNAMIC_CAST
#define HAVE_EXCEPTIONS
#define HAVE_EXPLICIT
#define HAVE_NAMESPACES
#define HAVE_RTTI
#define HAVE_STD
#define HAVE_STL
#define HAVE_NUMERIC_LIMITS
#define HAVE_SSTREAM
#define HAVE_DEV_URANDOM
#define HAVE_PTHREAD 1
#define HAVE_LIBZ 1

configure: exit 0
