This file contains any messages produced by compilers while
running configure, to aid debugging if configure makes a mistake.

It was created by configure, which was
generated by GNU Autoconf 2.59.  Invocation command line was

  $ ./configure 

## --------- ##
## Platform. ##
## --------- ##

hostname = samt6818.srn.sandia.gov
uname -m = i386
uname -r = 9.8.0
uname -s = Darwin
uname -v = Darwin Kernel Version 9.8.0: Wed Jul 15 16:55:01 PDT 2009; root:xnu-1228.15.4~1/RELEASE_I386

/usr/bin/uname -p = i386
/bin/uname -X     = unknown

/bin/arch              = unknown
/usr/bin/arch -k       = unknown
/usr/convex/getsysinfo = unknown
hostinfo               = Mach kernel version:
	 Darwin Kernel Version 9.8.0: Wed Jul 15 16:55:01 PDT 2009; root:xnu-1228.15.4~1/RELEASE_I386
Kernel configured for up to 2 processors.
2 processors are physically available.
2 processors are logically available.
Processor type: i486 (Intel 80486)
Processors active: 0 1
Primary memory available: 2.00 gigabytes
Default processor set: 86 tasks, 336 threads, 2 processors
Load average: 0.73, Mach factor: 1.26
/bin/machine           = unknown
/usr/bin/oslevel       = unknown
/bin/universe          = unknown

PATH: .
PATH: /Users/athomps/netapp/bin
PATH: /sw/bin
PATH: /sw/sbin
PATH: .
PATH: /Users/athomps/netapp/bin
PATH: .
PATH: /Users/athomps/netapp/bin
PATH: /usr/bin
PATH: /bin
PATH: /usr/sbin
PATH: /sbin
PATH: /usr/local/bin
PATH: /usr/texbin
PATH: /usr/X11/bin
PATH: /usr/X11R6/bin
PATH: /usr/X11/bin
PATH: /usr/local/bin
PATH: /Applications
PATH: /usr/local/bin
PATH: /Applications
PATH: /usr/local/bin
PATH: /Applications


## ----------- ##
## Core tests. ##
## ----------- ##

configure:1542: checking for a BSD-compatible install
configure:1597: result: /usr/bin/install -c
configure:1608: checking whether build environment is sane
configure:1651: result: yes
configure:1684: checking for gawk
configure:1700: found /sw/bin/gawk
configure:1710: result: gawk
configure:1720: checking whether make sets $(MAKE)
configure:1740: result: yes
configure:1912: checking for gawk
configure:1938: result: gawk
configure:2000: checking for g++
configure:2016: found /usr/bin/g++
configure:2026: result: g++
configure:2042: checking for C++ compiler version
configure:2045: g++ --version </dev/null >&5
i686-apple-darwin9-g++-4.0.1 (GCC) 4.0.1 (Apple Inc. build 5465)
Copyright (C) 2005 Free Software Foundation, Inc.
This is free software; see the source for copying conditions.  There is NO
warranty; not even for MERCHANTABILITY or FITNESS FOR A PARTICULAR PURPOSE.

configure:2048: $? = 0
configure:2050: g++ -v </dev/null >&5
Using built-in specs.
Target: i686-apple-darwin9
Configured with: /var/tmp/gcc/gcc-5465~16/src/configure --disable-checking -enable-werror --prefix=/usr --mandir=/share/man --enable-languages=c,objc,c++,obj-c++ --program-transform-name=/^[cg][^.-]*$/s/$/-4.0/ --with-gxx-include-dir=/include/c++/4.0.0 --with-slibdir=/usr/lib --build=i686-apple-darwin9 --with-arch=apple --with-tune=generic --host=i686-apple-darwin9 --target=i686-apple-darwin9
Thread model: posix
gcc version 4.0.1 (Apple Inc. build 5465)
configure:2053: $? = 0
configure:2055: g++ -V </dev/null >&5
g++-4.0: argument to `-V' is missing
configure:2058: $? = 1
configure:2081: checking for C++ compiler default output file name
configure:2084: g++    conftest.cc  >&5
configure:2087: $? = 0
configure:2133: result: a.out
configure:2138: checking whether the C++ compiler works
configure:2144: ./a.out
configure:2147: $? = 0
configure:2164: result: yes
configure:2171: checking whether we are cross compiling
configure:2173: result: no
configure:2176: checking for suffix of executables
configure:2178: g++ -o conftest    conftest.cc  >&5
configure:2181: $? = 0
configure:2206: result: 
configure:2212: checking for suffix of object files
configure:2233: g++ -c   conftest.cc >&5
configure:2236: $? = 0
configure:2258: result: o
configure:2262: checking whether we are using the GNU C++ compiler
configure:2286: g++ -c   conftest.cc >&5
configure:2292: $? = 0
configure:2296: test -z 
			 || test ! -s conftest.err
configure:2299: $? = 0
configure:2302: test -s conftest.o
configure:2305: $? = 0
configure:2318: result: yes
configure:2324: checking whether g++ accepts -g
configure:2345: g++ -c -g  conftest.cc >&5
configure:2351: $? = 0
configure:2355: test -z 
			 || test ! -s conftest.err
configure:2358: $? = 0
configure:2361: test -s conftest.o
configure:2364: $? = 0
configure:2375: result: yes
configure:2417: g++ -c -g -O2  conftest.cc >&5
configure:2423: $? = 0
configure:2427: test -z 
			 || test ! -s conftest.err
configure:2430: $? = 0
configure:2433: test -s conftest.o
configure:2436: $? = 0
configure:2462: g++ -c -g -O2  conftest.cc >&5
conftest.cc: In function 'int main()':
conftest.cc:15: error: 'exit' was not declared in this scope
configure:2468: $? = 1
configure: failed program was:
| /* confdefs.h.  */
| 
| #define PACKAGE_NAME ""
| #define PACKAGE_TARNAME ""
| #define PACKAGE_VERSION ""
| #define PACKAGE_STRING ""
| #define PACKAGE_BUGREPORT ""
| #define PACKAGE "visualizer"
| #define VERSION "0.2.1"
| /* end confdefs.h.  */
| 
| int
| main ()
| {
| exit (42);
|   ;
|   return 0;
| }
configure:2417: g++ -c -g -O2  conftest.cc >&5
/usr/include/stdlib.h:159: error: declaration of 'void std::exit(int)' throws different exceptions
conftest.cc:11: error: than previous declaration 'void std::exit(int) throw ()'
configure:2423: $? = 1
configure: failed program was:
| /* confdefs.h.  */
| 
| #define PACKAGE_NAME ""
| #define PACKAGE_TARNAME ""
| #define PACKAGE_VERSION ""
| #define PACKAGE_STRING ""
| #define PACKAGE_BUGREPORT ""
| #define PACKAGE "visualizer"
| #define VERSION "0.2.1"
| /* end confdefs.h.  */
| extern "C" void std::exit (int) throw (); using std::exit;
| #include <stdlib.h>
| int
| main ()
| {
| exit (42);
|   ;
|   return 0;
| }
configure:2417: g++ -c -g -O2  conftest.cc >&5
configure:2423: $? = 0
configure:2427: test -z 
			 || test ! -s conftest.err
configure:2430: $? = 0
configure:2433: test -s conftest.o
configure:2436: $? = 0
configure:2462: g++ -c -g -O2  conftest.cc >&5
configure:2468: $? = 0
configure:2472: test -z 
			 || test ! -s conftest.err
configure:2475: $? = 0
configure:2478: test -s conftest.o
configure:2481: $? = 0
configure:2515: checking for style of include used by make
configure:2543: result: GNU
configure:2571: checking dependency style of g++
configure:2654: result: gcc3
configure:2676: checking how to run the C++ preprocessor
configure:2707: g++ -E  conftest.cc
configure:2713: $? = 0
configure:2745: g++ -E  conftest.cc
conftest.cc:14:28: error: ac_nonexistent.h: No such file or directory
configure:2751: $? = 1
configure: failed program was:
| /* confdefs.h.  */
| 
| #define PACKAGE_NAME ""
| #define PACKAGE_TARNAME ""
| #define PACKAGE_VERSION ""
| #define PACKAGE_STRING ""
| #define PACKAGE_BUGREPORT ""
| #define PACKAGE "visualizer"
| #define VERSION "0.2.1"
| #ifdef __cplusplus
| extern "C" void std::exit (int); using std::exit;
| #endif
| /* end confdefs.h.  */
| #include <ac_nonexistent.h>
configure:2790: result: g++ -E
configure:2814: g++ -E  conftest.cc
configure:2820: $? = 0
configure:2852: g++ -E  conftest.cc
conftest.cc:14:28: error: ac_nonexistent.h: No such file or directory
configure:2858: $? = 1
configure: failed program was:
| /* confdefs.h.  */
| 
| #define PACKAGE_NAME ""
| #define PACKAGE_TARNAME ""
| #define PACKAGE_VERSION ""
| #define PACKAGE_STRING ""
| #define PACKAGE_BUGREPORT ""
| #define PACKAGE "visualizer"
| #define VERSION "0.2.1"
| #ifdef __cplusplus
| extern "C" void std::exit (int); using std::exit;
| #endif
| /* end confdefs.h.  */
| #include <ac_nonexistent.h>
configure:2914: checking for a BSD-compatible install
configure:2969: result: /usr/bin/install -c
configure:2980: checking whether ln -s works
configure:2984: result: yes
configure:3069: checking build system type
configure:3087: result: i686-apple-darwin9.8.0
configure:3095: checking host system type
configure:3109: result: i686-apple-darwin9.8.0
configure:3163: checking for gcc
configure:3179: found /usr/bin/gcc
configure:3189: result: gcc
configure:3433: checking for C compiler version
configure:3436: gcc --version </dev/null >&5
i686-apple-darwin9-gcc-4.0.1 (GCC) 4.0.1 (Apple Inc. build 5465)
Copyright (C) 2005 Free Software Foundation, Inc.
This is free software; see the source for copying conditions.  There is NO
warranty; not even for MERCHANTABILITY or FITNESS FOR A PARTICULAR PURPOSE.

configure:3439: $? = 0
configure:3441: gcc -v </dev/null >&5
Using built-in specs.
Target: i686-apple-darwin9
Configured with: /var/tmp/gcc/gcc-5465~16/src/configure --disable-checking -enable-werror --prefix=/usr --mandir=/share/man --enable-languages=c,objc,c++,obj-c++ --program-transform-name=/^[cg][^.-]*$/s/$/-4.0/ --with-gxx-include-dir=/include/c++/4.0.0 --with-slibdir=/usr/lib --build=i686-apple-darwin9 --with-arch=apple --with-tune=generic --host=i686-apple-darwin9 --target=i686-apple-darwin9
Thread model: posix
gcc version 4.0.1 (Apple Inc. build 5465)
configure:3444: $? = 0
configure:3446: gcc -V </dev/null >&5
gcc-4.0: argument to `-V' is missing
configure:3449: $? = 1
configure:3452: checking whether we are using the GNU C compiler
configure:3476: gcc -c   conftest.c >&5
configure:3482: $? = 0
configure:3486: test -z 
			 || test ! -s conftest.err
configure:3489: $? = 0
configure:3492: test -s conftest.o
configure:3495: $? = 0
configure:3508: result: yes
configure:3514: checking whether gcc accepts -g
configure:3535: gcc -c -g  conftest.c >&5
configure:3541: $? = 0
configure:3545: test -z 
			 || test ! -s conftest.err
configure:3548: $? = 0
configure:3551: test -s conftest.o
configure:3554: $? = 0
configure:3565: result: yes
configure:3582: checking for gcc option to accept ANSI C
configure:3652: gcc  -c -g -O2  conftest.c >&5
configure:3658: $? = 0
configure:3662: test -z 
			 || test ! -s conftest.err
configure:3665: $? = 0
configure:3668: test -s conftest.o
configure:3671: $? = 0
configure:3689: result: none needed
configure:3707: gcc -c -g -O2  conftest.c >&5
conftest.c:2: error: syntax error before 'me'
configure:3713: $? = 1
configure: failed program was:
| #ifndef __cplusplus
|   choke me
| #endif
configure:3848: checking dependency style of gcc
configure:3931: result: gcc3
configure:3948: checking for a sed that does not truncate output
configure:4002: result: /usr/bin/sed
configure:4005: checking for egrep
configure:4015: result: grep -E
configure:4031: checking for ld used by gcc
configure:4098: result: /usr/libexec/gcc/i686-apple-darwin9/4.0.1/ld
configure:4107: checking if the linker (/usr/libexec/gcc/i686-apple-darwin9/4.0.1/ld) is GNU ld
configure:4122: result: no
configure:4127: checking for /usr/libexec/gcc/i686-apple-darwin9/4.0.1/ld option to reload object files
configure:4134: result: -r
configure:4143: checking for BSD-compatible nm
configure:4185: result: /usr/bin/nm -p
configure:4189: checking how to recognise dependent libraries
configure:4389: result: pass_all
configure:4603: checking how to run the C preprocessor
configure:4638: gcc -E  conftest.c
configure:4644: $? = 0
configure:4676: gcc -E  conftest.c
conftest.c:14:28: error: ac_nonexistent.h: No such file or directory
configure:4682: $? = 1
configure: failed program was:
| /* confdefs.h.  */
| 
| #define PACKAGE_NAME ""
| #define PACKAGE_TARNAME ""
| #define PACKAGE_VERSION ""
| #define PACKAGE_STRING ""
| #define PACKAGE_BUGREPORT ""
| #define PACKAGE "visualizer"
| #define VERSION "0.2.1"
| #ifdef __cplusplus
| extern "C" void std::exit (int); using std::exit;
| #endif
| /* end confdefs.h.  */
| #include <ac_nonexistent.h>
configure:4721: result: gcc -E
configure:4745: gcc -E  conftest.c
configure:4751: $? = 0
configure:4783: gcc -E  conftest.c
conftest.c:14:28: error: ac_nonexistent.h: No such file or directory
configure:4789: $? = 1
configure: failed program was:
| /* confdefs.h.  */
| 
| #define PACKAGE_NAME ""
| #define PACKAGE_TARNAME ""
| #define PACKAGE_VERSION ""
| #define PACKAGE_STRING ""
| #define PACKAGE_BUGREPORT ""
| #define PACKAGE "visualizer"
| #define VERSION "0.2.1"
| #ifdef __cplusplus
| extern "C" void std::exit (int); using std::exit;
| #endif
| /* end confdefs.h.  */
| #include <ac_nonexistent.h>
configure:4833: checking for ANSI C header files
configure:4858: gcc -c -g -O2  conftest.c >&5
configure:4864: $? = 0
configure:4868: test -z 
			 || test ! -s conftest.err
configure:4871: $? = 0
configure:4874: test -s conftest.o
configure:4877: $? = 0
configure:4966: gcc -o conftest -g -O2   conftest.c  >&5
conftest.c: In function 'main':
conftest.c:31: warning: incompatible implicit declaration of built-in function 'exit'
configure:4969: $? = 0
configure:4971: ./conftest
configure:4974: $? = 0
configure:4989: result: yes
configure:5013: checking for sys/types.h
configure:5029: gcc -c -g -O2  conftest.c >&5
configure:5035: $? = 0
configure:5039: test -z 
			 || test ! -s conftest.err
configure:5042: $? = 0
configure:5045: test -s conftest.o
configure:5048: $? = 0
configure:5059: result: yes
configure:5013: checking for sys/stat.h
configure:5029: gcc -c -g -O2  conftest.c >&5
configure:5035: $? = 0
configure:5039: test -z 
			 || test ! -s conftest.err
configure:5042: $? = 0
configure:5045: test -s conftest.o
configure:5048: $? = 0
configure:5059: result: yes
configure:5013: checking for stdlib.h
configure:5029: gcc -c -g -O2  conftest.c >&5
configure:5035: $? = 0
configure:5039: test -z 
			 || test ! -s conftest.err
configure:5042: $? = 0
configure:5045: test -s conftest.o
configure:5048: $? = 0
configure:5059: result: yes
configure:5013: checking for string.h
configure:5029: gcc -c -g -O2  conftest.c >&5
configure:5035: $? = 0
configure:5039: test -z 
			 || test ! -s conftest.err
configure:5042: $? = 0
configure:5045: test -s conftest.o
configure:5048: $? = 0
configure:5059: result: yes
configure:5013: checking for memory.h
configure:5029: gcc -c -g -O2  conftest.c >&5
configure:5035: $? = 0
configure:5039: test -z 
			 || test ! -s conftest.err
configure:5042: $? = 0
configure:5045: test -s conftest.o
configure:5048: $? = 0
configure:5059: result: yes
configure:5013: checking for strings.h
configure:5029: gcc -c -g -O2  conftest.c >&5
configure:5035: $? = 0
configure:5039: test -z 
			 || test ! -s conftest.err
configure:5042: $? = 0
configure:5045: test -s conftest.o
configure:5048: $? = 0
configure:5059: result: yes
configure:5013: checking for inttypes.h
configure:5029: gcc -c -g -O2  conftest.c >&5
configure:5035: $? = 0
configure:5039: test -z 
			 || test ! -s conftest.err
configure:5042: $? = 0
configure:5045: test -s conftest.o
configure:5048: $? = 0
configure:5059: result: yes
configure:5013: checking for stdint.h
configure:5029: gcc -c -g -O2  conftest.c >&5
configure:5035: $? = 0
configure:5039: test -z 
			 || test ! -s conftest.err
configure:5042: $? = 0
configure:5045: test -s conftest.o
configure:5048: $? = 0
configure:5059: result: yes
configure:5013: checking for unistd.h
configure:5029: gcc -c -g -O2  conftest.c >&5
configure:5035: $? = 0
configure:5039: test -z 
			 || test ! -s conftest.err
configure:5042: $? = 0
configure:5045: test -s conftest.o
configure:5048: $? = 0
configure:5059: result: yes
configure:5085: checking dlfcn.h usability
configure:5097: gcc -c -g -O2  conftest.c >&5
configure:5103: $? = 0
configure:5107: test -z 
			 || test ! -s conftest.err
configure:5110: $? = 0
configure:5113: test -s conftest.o
configure:5116: $? = 0
configure:5126: result: yes
configure:5130: checking dlfcn.h presence
configure:5140: gcc -E  conftest.c
configure:5146: $? = 0
configure:5166: result: yes
configure:5201: checking for dlfcn.h
configure:5208: result: yes
configure:5273: checking for g77
configure:5302: result: no
configure:5273: checking for f77
configure:5302: result: no
configure:5273: checking for xlf
configure:5302: result: no
configure:5273: checking for frt
configure:5302: result: no
configure:5273: checking for pgf77
configure:5302: result: no
configure:5273: checking for fort77
configure:5302: result: no
configure:5273: checking for fl32
configure:5302: result: no
configure:5273: checking for af77
configure:5302: result: no
configure:5273: checking for f90
configure:5302: result: no
configure:5273: checking for xlf90
configure:5302: result: no
configure:5273: checking for pgf90
configure:5302: result: no
configure:5273: checking for epcf90
configure:5302: result: no
configure:5273: checking for f95
configure:5302: result: no
configure:5273: checking for fort
configure:5302: result: no
configure:5273: checking for xlf95
configure:5302: result: no
configure:5273: checking for ifc
configure:5302: result: no
configure:5273: checking for efc
configure:5302: result: no
configure:5273: checking for pgf95
configure:5302: result: no
configure:5273: checking for lf95
configure:5302: result: no
configure:5273: checking for gfortran
configure:5289: found /sw/bin/gfortran
configure:5299: result: gfortran
configure:5314: checking for Fortran 77 compiler version
configure:5317: gfortran --version </dev/null >&5
GNU Fortran (GCC) 4.2.2
Copyright (C) 2007 Free Software Foundation, Inc.

GNU Fortran comes with NO WARRANTY, to the extent permitted by law.
You may redistribute copies of GNU Fortran
under the terms of the GNU General Public License.
For more information about these matters, see the file named COPYING

configure:5320: $? = 0
configure:5322: gfortran -v </dev/null >&5
Using built-in specs.
Target: i686-apple-darwin9
Configured with: ../gcc-4.2.2/configure --prefix=/sw --prefix=/sw/lib/gcc4.2 --mandir=/sw/share/man --infodir=/sw/share/info --enable-languages=c,c++,fortran,objc,java --with-arch=nocona --with-tune=generic --host=i686-apple-darwin9 --with-gmp=/sw --with-libiconv-prefix=/sw --with-system-zlib --x-includes=/usr/X11R6/include --x-libraries=/usr/X11R6/lib
Thread model: posix
gcc version 4.2.2
configure:5325: $? = 0
configure:5327: gfortran -V </dev/null >&5
gfortran: '-V' option must have argument
configure:5330: $? = 1
configure:5338: checking whether we are using the GNU Fortran 77 compiler
configure:5352: gfortran -c  conftest.F >&5
configure:5358: $? = 0
configure:5362: test -z 
			 || test ! -s conftest.err
configure:5365: $? = 0
configure:5368: test -s conftest.o
configure:5371: $? = 0
configure:5384: result: yes
configure:5390: checking whether gfortran accepts -g
configure:5402: gfortran -c -g conftest.f >&5
configure:5408: $? = 0
configure:5412: test -z 
			 || test ! -s conftest.err
configure:5415: $? = 0
configure:5418: test -s conftest.o
configure:5421: $? = 0
configure:5433: result: yes
configure:5463: checking the maximum length of command line arguments
configure:5522: result: 65536
configure:5533: checking command to parse /usr/bin/nm -p output from gcc object
configure:5622: gcc -c -g -O2  conftest.c >&5
configure:5625: $? = 0
configure:5629: /usr/bin/nm -p conftest.o \| sed -n -e 's/^.*[ 	]\([BCDEGRST][BCDEGRST]*\)[ 	][ 	]*\(\)\([_A-Za-z][_A-Za-z0-9]*\)$/\1 \2\3 \3/p' \> conftest.nm
configure:5632: $? = 0
cannot find nm_test_var in conftest.nm
configure:5622: gcc -c -g -O2  conftest.c >&5
configure:5625: $? = 0
configure:5629: /usr/bin/nm -p conftest.o \| sed -n -e 's/^.*[ 	]\([BCDEGRST][BCDEGRST]*\)[ 	][ 	]*\(_\)\([_A-Za-z][_A-Za-z0-9]*\)$/\1 \2\3 \3/p' \> conftest.nm
configure:5632: $? = 0
configure:5684: gcc -o conftest -g -O2   conftest.c conftstm.o >&5
configure:5687: $? = 0
configure:5725: result: ok
configure:5729: checking for objdir
configure:5744: result: .libs
configure:5834: checking for ar
configure:5850: found /usr/bin/ar
configure:5861: result: ar
configure:5914: checking for ranlib
configure:5930: found /usr/bin/ranlib
configure:5941: result: ranlib
configure:5994: checking for strip
configure:6010: found /usr/bin/strip
configure:6021: result: strip
configure:6283: checking if gcc static flag  works
configure:6306: result: yes
configure:6323: checking if gcc supports -fno-rtti -fno-exceptions
configure:6341: gcc -c -g -O2  -fno-rtti -fno-exceptions conftest.c >&5
cc1: warning: command line option "-fno-rtti" is valid for C++/ObjC++ but not for C
configure:6345: $? = 0
configure:6356: result: no
configure:6371: checking for gcc option to produce PIC
configure:6548: result: -fno-common
configure:6555: checking if gcc PIC flag -fno-common works
configure:6573: gcc -c -g -O2  -fno-common -DPIC conftest.c >&5
configure:6577: $? = 0
configure:6588: result: yes
configure:6612: checking if gcc supports -c -o file.o
configure:6640: gcc -c -g -O2  -o out/conftest2.o conftest.c >&5
configure:6644: $? = 0
configure:6661: result: yes
configure:6687: checking whether the gcc linker (/usr/libexec/gcc/i686-apple-darwin9/4.0.1/ld) supports shared libraries
configure:7526: result: yes
configure:7597: checking how to hardcode library paths into programs
configure:7622: result: immediate
configure:7636: checking whether stripping libraries is possible
configure:7649: result: yes
configure:7663: checking dynamic linker characteristics
configure:8198: result: darwin9.8.0 dyld
configure:9010: checking if libtool supports shared libraries
configure:9012: result: yes
configure:9015: checking whether to build shared libraries
configure:9064: result: yes
configure:9067: checking whether to build static libraries
configure:9071: result: yes
configure:9162: creating libtool
configure:9706: checking for ld used by g++
configure:9773: result: /usr/libexec/gcc/i686-apple-darwin9/4.0.1/ld
configure:9782: checking if the linker (/usr/libexec/gcc/i686-apple-darwin9/4.0.1/ld) is GNU ld
configure:9797: result: no
configure:9848: checking whether the g++ linker (/usr/libexec/gcc/i686-apple-darwin9/4.0.1/ld) supports shared libraries
configure:10663: result: yes
configure:10681: g++ -c -g -O2  conftest.cc >&5
configure:10684: $? = 0
configure:10780: checking for g++ option to produce PIC
configure:11032: result: -fno-common
configure:11039: checking if g++ PIC flag -fno-common works
configure:11057: g++ -c -g -O2  -fno-common -DPIC conftest.cc >&5
configure:11061: $? = 0
configure:11072: result: yes
configure:11096: checking if g++ supports -c -o file.o
configure:11124: g++ -c -g -O2  -o out/conftest2.o conftest.cc >&5
configure:11128: $? = 0
configure:11145: result: yes
configure:11171: checking whether the g++ linker (/usr/libexec/gcc/i686-apple-darwin9/4.0.1/ld) supports shared libraries
configure:11196: result: yes
configure:11267: checking how to hardcode library paths into programs
configure:11292: result: immediate
configure:11306: checking whether stripping libraries is possible
configure:11319: result: yes
configure:11333: checking dynamic linker characteristics
configure:11868: result: darwin9.8.0 dyld
configure:13153: checking if libtool supports shared libraries
configure:13155: result: yes
configure:13158: checking whether to build shared libraries
configure:13176: result: yes
configure:13179: checking whether to build static libraries
configure:13183: result: yes
configure:13195: checking for gfortran option to produce PIC
configure:13372: result: -fno-common
configure:13379: checking if gfortran PIC flag -fno-common works
configure:13397: gfortran -c -g -O2 -fno-common conftest.f >&5
configure:13401: $? = 0
configure:13412: result: yes
configure:13436: checking if gfortran supports -c -o file.o
configure:13464: gfortran -c -g -O2 -o out/conftest2.o conftest.f >&5
configure:13468: $? = 0
configure:13485: result: yes
configure:13511: checking whether the gfortran linker (/usr/libexec/gcc/i686-apple-darwin9/4.0.1/ld) supports shared libraries
configure:14330: result: yes
configure:14401: checking how to hardcode library paths into programs
configure:14426: result: immediate
configure:14440: checking whether stripping libraries is possible
configure:14453: result: yes
configure:14467: checking dynamic linker characteristics
configure:15002: result: darwin9.8.0 dyld
configure:19054: checking for ANSI C header files
configure:19210: result: yes
configure:19224: checking if zlib is wanted
configure:19240: result: yes
configure:19266: checking for inflateEnd in -lz
configure:19296: gcc -o conftest -g -O2  -I/usr/include  -L/usr/lib conftest.c -lz   >&5
configure:19302: $? = 0
configure:19306: test -z 
			 || test ! -s conftest.err
configure:19309: $? = 0
configure:19312: test -s conftest
configure:19315: $? = 0
configure:19328: result: yes
configure:19346: checking zlib.h usability
configure:19358: gcc -c -g -O2  -I/usr/include conftest.c >&5
configure:19364: $? = 0
configure:19368: test -z 
			 || test ! -s conftest.err
configure:19371: $? = 0
configure:19374: test -s conftest.o
configure:19377: $? = 0
configure:19387: result: yes
configure:19391: checking zlib.h presence
configure:19401: gcc -E  -I/usr/include conftest.c
configure:19407: $? = 0
configure:19427: result: yes
configure:19462: checking for zlib.h
configure:19469: result: yes
configure:19492: checking for inflateEnd in -lz
configure:19554: result: yes
configure:19565: checking zlib in /usr
configure:19567: result: ok
configure:19703: creating ./config.status

## ---------------------- ##
## Running config.status. ##
## ---------------------- ##

This file was extended by config.status, which was
generated by GNU Autoconf 2.59.  Invocation command line was

  CONFIG_FILES    = 
  CONFIG_HEADERS  = 
  CONFIG_LINKS    = 
  CONFIG_COMMANDS = 
  $ ./config.status 

on samt6818.srn.sandia.gov

config.status:725: creating Makefile
config.status:725: creating PACC/Makefile
config.status:725: creating PACC/Util/Makefile
config.status:725: creating PACC/XML/Makefile
config.status:725: creating external/Makefile
config.status:725: creating external/EPIG/Makefile
config.status:725: creating external/EPIG/EPIG/Makefile
config.status:725: creating phpserver/Makefile
config.status:725: creating phpserver/img/Makefile
config.status:725: creating phpserver/samples/Makefile
config.status:725: creating phpserver/samples/onemax/Makefile
config.status:725: creating phpserver/samples/symbreg/Makefile
config.status:725: creating visualizer/Makefile
config.status:725: creating visualizer/include/Makefile
config.status:725: creating visualizer/src/Makefile
config.status:829: creating visualizer/include/config.h
config.status:941: visualizer/include/config.h is unchanged
config.status:1121: executing depfiles commands

## ---------------- ##
## Cache variables. ##
## ---------------- ##

ac_cv_build=i686-apple-darwin9.8.0
ac_cv_build_alias=i686-apple-darwin9.8.0
ac_cv_c_compiler_gnu=yes
ac_cv_cxx_compiler_gnu=yes
ac_cv_env_CC_set=
ac_cv_env_CC_value=
ac_cv_env_CFLAGS_set=
ac_cv_env_CFLAGS_value=
ac_cv_env_CPPFLAGS_set=
ac_cv_env_CPPFLAGS_value=
ac_cv_env_CPP_set=
ac_cv_env_CPP_value=
ac_cv_env_CXXCPP_set=
ac_cv_env_CXXCPP_value=
ac_cv_env_CXXFLAGS_set=
ac_cv_env_CXXFLAGS_value=
ac_cv_env_CXX_set=
ac_cv_env_CXX_value=
ac_cv_env_F77_set=
ac_cv_env_F77_value=
ac_cv_env_FFLAGS_set=
ac_cv_env_FFLAGS_value=
ac_cv_env_LDFLAGS_set=
ac_cv_env_LDFLAGS_value=
ac_cv_env_build_alias_set=
ac_cv_env_build_alias_value=
ac_cv_env_host_alias_set=
ac_cv_env_host_alias_value=
ac_cv_env_target_alias_set=
ac_cv_env_target_alias_value=
ac_cv_exeext=
ac_cv_f77_compiler_gnu=yes
ac_cv_header_dlfcn_h=yes
ac_cv_header_inttypes_h=yes
ac_cv_header_memory_h=yes
ac_cv_header_stdc=yes
ac_cv_header_stdint_h=yes
ac_cv_header_stdlib_h=yes
ac_cv_header_string_h=yes
ac_cv_header_strings_h=yes
ac_cv_header_sys_stat_h=yes
ac_cv_header_sys_types_h=yes
ac_cv_header_unistd_h=yes
ac_cv_header_zlib_h=yes
ac_cv_host=i686-apple-darwin9.8.0
ac_cv_host_alias=i686-apple-darwin9.8.0
ac_cv_lib_z_inflateEnd=yes
ac_cv_objext=o
ac_cv_path_INTLTOOL_PERL=/usr/bin/perl
ac_cv_path_install='/usr/bin/install -c'
ac_cv_prog_AWK=gawk
ac_cv_prog_CPP='gcc -E'
ac_cv_prog_CXXCPP='g++ -E'
ac_cv_prog_ac_ct_AR=ar
ac_cv_prog_ac_ct_CC=gcc
ac_cv_prog_ac_ct_CXX=g++
ac_cv_prog_ac_ct_F77=gfortran
ac_cv_prog_ac_ct_RANLIB=ranlib
ac_cv_prog_ac_ct_STRIP=strip
ac_cv_prog_cc_g=yes
ac_cv_prog_cc_stdc=
ac_cv_prog_cxx_g=yes
ac_cv_prog_egrep='grep -E'
ac_cv_prog_f77_g=yes
ac_cv_prog_make_make_set=yes
am_cv_CC_dependencies_compiler_type=gcc3
am_cv_CXX_dependencies_compiler_type=gcc3
lt_cv_deplibs_check_method=pass_all
lt_cv_file_magic_cmd='/usr/bin/file -L'
lt_cv_file_magic_test_file=/usr/lib/libSystem.dylib
lt_cv_ld_reload_flag=-r
lt_cv_objdir=.libs
lt_cv_path_LD=/usr/libexec/gcc/i686-apple-darwin9/4.0.1/ld
lt_cv_path_LDCXX=/usr/libexec/gcc/i686-apple-darwin9/4.0.1/ld
lt_cv_path_NM='/usr/bin/nm -p'
lt_cv_path_SED=/usr/bin/sed
lt_cv_prog_compiler_c_o=yes
lt_cv_prog_compiler_c_o_CXX=yes
lt_cv_prog_compiler_c_o_F77=yes
lt_cv_prog_compiler_rtti_exceptions=no
lt_cv_prog_gnu_ld=no
lt_cv_prog_gnu_ldcxx=no
lt_cv_sys_global_symbol_pipe='sed -n -e '\''s/^.*[ 	]\([BCDEGRST][BCDEGRST]*\)[ 	][ 	]*\(_\)\([_A-Za-z][_A-Za-z0-9]*\)$/\1 \2\3 \3/p'\'''
lt_cv_sys_global_symbol_to_c_name_address='sed -n -e '\''s/^: \([^ ]*\) $/  {\"\1\", (lt_ptr) 0},/p'\'' -e '\''s/^[BCDEGRST] \([^ ]*\) \([^ ]*\)$/  {"\2", (lt_ptr) \&\2},/p'\'''
lt_cv_sys_global_symbol_to_cdecl='sed -n -e '\''s/^. .* \(.*\)$/extern int \1;/p'\'''
lt_cv_sys_max_cmd_len=65536
lt_lt_cv_prog_compiler_c_o='"yes"'
lt_lt_cv_prog_compiler_c_o_CXX='"yes"'
lt_lt_cv_prog_compiler_c_o_F77='"yes"'
lt_lt_cv_sys_global_symbol_pipe='"sed -n -e '\''s/^.*[ 	]\\([BCDEGRST][BCDEGRST]*\\)[ 	][ 	]*\\(_\\)\\([_A-Za-z][_A-Za-z0-9]*\\)\$/\\1 \\2\\3 \\3/p'\''"'
lt_lt_cv_sys_global_symbol_to_c_name_address='"sed -n -e '\''s/^: \\([^ ]*\\) \$/  {\\\"\\1\\\", (lt_ptr) 0},/p'\'' -e '\''s/^[BCDEGRST] \\([^ ]*\\) \\([^ ]*\\)\$/  {\"\\2\", (lt_ptr) \\&\\2},/p'\''"'
lt_lt_cv_sys_global_symbol_to_cdecl='"sed -n -e '\''s/^. .* \\(.*\\)\$/extern int \\1;/p'\''"'
zlib_cv_libz=yes
zlib_cv_zlib_h=yes

## ----------------- ##
## Output variables. ##
## ----------------- ##

ACLOCAL='${SHELL} /Users/athomps/netapp/codes/GP_MikeBrown/gp_force/visualizer-0.2.1/config/missing --run aclocal-1.7'
AMDEPBACKSLASH='\'
AMDEP_FALSE='#'
AMDEP_TRUE=''
AMTAR='${SHELL} /Users/athomps/netapp/codes/GP_MikeBrown/gp_force/visualizer-0.2.1/config/missing --run tar'
AR='ar'
AUTOCONF='${SHELL} /Users/athomps/netapp/codes/GP_MikeBrown/gp_force/visualizer-0.2.1/config/missing --run autoconf'
AUTOHEADER='${SHELL} /Users/athomps/netapp/codes/GP_MikeBrown/gp_force/visualizer-0.2.1/config/missing --run autoheader'
AUTOMAKE='${SHELL} /Users/athomps/netapp/codes/GP_MikeBrown/gp_force/visualizer-0.2.1/config/missing --run automake-1.7'
AWK='gawk'
CC='gcc'
CCDEPMODE='depmode=gcc3'
CFLAGS='-g -O2'
CPP='gcc -E'
CPPFLAGS=' -I/usr/include'
CXX='g++'
CXXCPP='g++ -E'
CXXDEPMODE='depmode=gcc3'
CXXFLAGS='-g -O2'
CYGPATH_W='echo'
DEFS='-DHAVE_CONFIG_H'
DEPDIR='.deps'
ECHO='/bin/echo'
ECHO_C='ECHO_N=''
ECHO_T=''
EGREP='grep -E'
EXEEXT=''
F77='gfortran'
FFLAGS='-g -O2'
INSTALL_DATA='${INSTALL} -m 644'
INSTALL_PROGRAM='${INSTALL}'
INSTALL_SCRIPT='${INSTALL}'
INSTALL_STRIP_PROGRAM='${SHELL} $(install_sh) -c -s'
LDFLAGS=' -L/usr/lib'
LIBOBJS=''
LIBS='-lz '
LIBTOOL='$(SHELL) $(top_builddir)/libtool'
LN_S='ln -s'
LTLIBOBJS=''
MAKEINFO='${SHELL} /Users/athomps/netapp/codes/GP_MikeBrown/gp_force/visualizer-0.2.1/config/missing --run makeinfo'
OBJEXT='o'
PACKAGE='visualizer'
PACKAGE_BUGREPORT=''
PACKAGE_NAME=''
PACKAGE_STRING=''
PACKAGE_TARNAME=''
PACKAGE_VERSION=''
PATH_SEPARATOR=':'
RANLIB='ranlib'
SET_MAKE=''
SHELL='/bin/sh'
STRIP='strip'
VERSION='0.2.1'
ac_ct_AR='ar'
ac_ct_CC='gcc'
ac_ct_CXX='g++'
ac_ct_F77='gfortran'
ac_ct_RANLIB='ranlib'
ac_ct_STRIP='strip'
am__fastdepCC_FALSE='#'
am__fastdepCC_TRUE=''
am__fastdepCXX_FALSE='#'
am__fastdepCXX_TRUE=''
am__include='include'
am__leading_dot='.'
am__quote=''
bindir='${exec_prefix}/bin'
build='i686-apple-darwin9.8.0'
build_alias=''
build_cpu='i686'
build_os='darwin9.8.0'
build_vendor='apple'
datadir='${prefix}/share'
exec_prefix='${prefix}'
host='i686-apple-darwin9.8.0'
host_alias=''
host_cpu='i686'
host_os='darwin9.8.0'
host_vendor='apple'
includedir='${prefix}/include'
infodir='${prefix}/info'
install_sh='/Users/athomps/netapp/codes/GP_MikeBrown/gp_force/visualizer-0.2.1/config/install-sh'
libdir='${exec_prefix}/lib'
libexecdir='${exec_prefix}/libexec'
localstatedir='${prefix}/var'
mandir='${prefix}/man'
oldincludedir='/usr/include'
prefix='/usr/local/visualizer'
program_transform_name='s,x,x,'
sbindir='${exec_prefix}/sbin'
sharedstatedir='${prefix}/com'
sysconfdir='${prefix}/etc'
target_alias=''

## ----------- ##
## confdefs.h. ##
## ----------- ##

#define HAVE_DLFCN_H 1
#define HAVE_INTTYPES_H 1
#define HAVE_LIBZ 1
#define HAVE_MEMORY_H 1
#define HAVE_STDINT_H 1
#define HAVE_STDLIB_H 1
#define HAVE_STRINGS_H 1
#define HAVE_STRING_H 1
#define HAVE_SYS_STAT_H 1
#define HAVE_SYS_TYPES_H 1
#define HAVE_UNISTD_H 1
#define PACKAGE "visualizer"
#define PACKAGE_BUGREPORT ""
#define PACKAGE_NAME ""
#define PACKAGE_STRING ""
#define PACKAGE_TARNAME ""
#define PACKAGE_VERSION ""
#define STDC_HEADERS 1
#define STDC_HEADERS 1
#define VERSION "0.2.1"
#endif
#ifdef __cplusplus
extern "C" void std::exit (int); using std::exit;

configure: exit 0
